This is pdfTeX, Version 3.1415926-2.4-1.40.13 (TeX Live 2012) (format=pdflatex 2013.3.1)  21 JUN 2013 22:41
entering extended mode
 restricted \write18 enabled.
 file:line:error style messages enabled.
 %&-line parsing enabled.
**gl-cheatsheet.tex
(./gl-cheatsheet.tex
LaTeX2e <2011/06/27>
Babel <v3.8m> and hyphenation patterns for english, dumylang, nohyphenation, ge
rman-x-2012-05-30, ngerman-x-2012-05-30, afrikaans, ancientgreek, ibycus, arabi
c, armenian, basque, bulgarian, catalan, pinyin, coptic, croatian, czech, danis
h, dutch, ukenglish, usenglishmax, esperanto, estonian, ethiopic, farsi, finnis
h, french, friulan, galician, german, ngerman, swissgerman, monogreek, greek, h
ungarian, icelandic, assamese, bengali, gujarati, hindi, kannada, malayalam, ma
rathi, oriya, panjabi, tamil, telugu, indonesian, interlingua, irish, italian, 
kurmanji, latin, latvian, lithuanian, mongolian, mongolianlmc, bokmal, nynorsk,
 polish, portuguese, romanian, romansh, russian, sanskrit, serbian, serbianc, s
lovak, slovenian, spanish, swedish, turkish, turkmen, ukrainian, uppersorbian, 
welsh, loaded.
(/usr/local/texlive/2012/texmf-dist/tex/latex/base/article.cls
Document Class: article 2007/10/19 v1.4h Standard LaTeX document class
(/usr/local/texlive/2012/texmf-dist/tex/latex/base/size12.clo
File: size12.clo 2007/10/19 v1.4h Standard LaTeX file (size option)
)
\c@part=\count79
\c@section=\count80
\c@subsection=\count81
\c@subsubsection=\count82
\c@paragraph=\count83
\c@subparagraph=\count84
\c@figure=\count85
\c@table=\count86
\abovecaptionskip=\skip41
\belowcaptionskip=\skip42
\bibindent=\dimen102
)
(./gl-cheatsheet.aux)
\openout1 = `gl-cheatsheet.aux'.

LaTeX Font Info:    Checking defaults for OML/cmm/m/it on input line 3.
LaTeX Font Info:    ... okay on input line 3.
LaTeX Font Info:    Checking defaults for T1/cmr/m/n on input line 3.
LaTeX Font Info:    ... okay on input line 3.
LaTeX Font Info:    Checking defaults for OT1/cmr/m/n on input line 3.
LaTeX Font Info:    ... okay on input line 3.
LaTeX Font Info:    Checking defaults for OMS/cmsy/m/n on input line 3.
LaTeX Font Info:    ... okay on input line 3.
LaTeX Font Info:    Checking defaults for OMX/cmex/m/n on input line 3.
LaTeX Font Info:    ... okay on input line 3.
LaTeX Font Info:    Checking defaults for U/cmr/m/n on input line 3.
LaTeX Font Info:    ... okay on input line 3.
 (./gl-cheatsheet.toc
LaTeX Font Info:    External font `cmex10' loaded for size
(Font)              <12> on input line 2.
LaTeX Font Info:    External font `cmex10' loaded for size
(Font)              <8> on input line 2.
LaTeX Font Info:    External font `cmex10' loaded for size
(Font)              <6> on input line 2.
 [1

{/usr/local/texlive/2012/texmf-var/fonts/map/pdftex/updmap/pdftex.map}])
\tf@toc=\write3
\openout3 = `gl-cheatsheet.toc'.

 [2]
LaTeX Font Info:    Try loading font information for OMS+cmr on input line 17.

(/usr/local/texlive/2012/texmf-dist/tex/latex/base/omscmr.fd
File: omscmr.fd 1999/05/25 v2.5h Standard LaTeX font definitions
)
LaTeX Font Info:    Font shape `OMS/cmr/m/n' in size <12> not available
(Font)              Font shape `OMS/cmsy/m/n' tried instead on input line 17.

Overfull \hbox (9.71906pt too wide) in paragraph at lines 21--23
[]\OT1/cmtt/m/n/12 glGetBoolean\OT1/cmr/m/n/12 , \OT1/cmtt/m/n/12 glGetInteger\
OT1/cmr/m/n/12 , \OT1/cmtt/m/n/12 glGetFloat\OT1/cmr/m/n/12 , \OT1/cmtt/m/n/12 
glGetDouble\OT1/cmr/m/n/12 , \OT1/cmtt/m/n/12 glGetString 
 []

[3] [4]
LaTeX Font Info:    Try loading font information for OMS+cmtt on input line 109
.
LaTeX Font Info:    No file OMScmtt.fd. on input line 109.


LaTeX Font Warning: Font shape `OMS/cmtt/m/n' undefined
(Font)              using `OMS/cmsy/m/n' instead
(Font)              for symbol `textbraceleft' on input line 109.

[5] [6]
Overfull \hbox (28.32198pt too wide) in paragraph at lines 159--161
[]\OT1/cmtt/m/n/12 glStencilFuncSeparate\OT1/cmr/m/n/12 , \OT1/cmtt/m/n/12 glSt
encilMaskSeparate\OT1/cmr/m/n/12 , \OT1/cmtt/m/n/12 glStencilOpSeparate 
 []

[7] [8] [9] [10]
Overfull \hbox (19.19687pt too wide) in paragraph at lines 294--296
[]\OT1/cmtt/m/n/12 glMapBuffer\OT1/cmr/m/n/12 , \OT1/cmtt/m/n/12 glMapBufferRan
ge\OT1/cmr/m/n/12 , \OT1/cmtt/m/n/12 glUnmapBuffer\OT1/cmr/m/n/12 , \OT1/cmtt/m
/n/12 glGetBufferPointer\OT1/cmr/m/n/12 ,
 []

[11] [12] [13]
Overfull \hbox (225.3683pt too wide) in paragraph at lines 377--380
\OT1/cmr/m/n/12 Performs mul-ti-ple \OT1/cmtt/m/n/12 glDrawArraysInstancedBaseI
nstance \OT1/cmr/m/n/12 / \OT1/cmtt/m/n/12 glDrawElementsInstancedBaseVertexBas
eInstance
 []

[14] [15] [16] [17]
Overfull \hbox (53.0999pt too wide) in paragraph at lines 465--467
[]\OT1/cmtt/m/n/12 glGetTexLevelParameter(target, level, parameterName, paramet
erValue 
 []

[18]
Overfull \hbox (6.34781pt too wide) in paragraph at lines 521--523
\OT1/cmr/m/n/12 Sets the raster po-si-tion by trans-form-ing 3d co-or-di-nates 
like for \OT1/cmtt/m/n/12 glVertex\OT1/cmr/m/n/12 . 
 []


Overfull \hbox (29.20216pt too wide) in paragraph at lines 532--534
[]\OT1/cmtt/m/n/12 glPixelZoom \OT1/cmr/m/n/12 Spec-i-fies the zoom fac-tor for
 \OT1/cmtt/m/n/12 glDrawPixels \OT1/cmr/m/n/12 and \OT1/cmtt/m/n/12 glCopyPixel
s\OT1/cmr/m/n/12 . 
 []

[19] [20] [21] [22]
Underfull \hbox (badness 10000) in paragraph at lines 641--642

 []

[23]
Underfull \hbox (badness 10000) in paragraph at lines 642--643

 []


Underfull \hbox (badness 10000) in paragraph at lines 643--644

 []


Underfull \hbox (badness 10000) in paragraph at lines 644--645

 []


Underfull \hbox (badness 10000) in paragraph at lines 645--646

 []


Underfull \hbox (badness 10000) in paragraph at lines 646--647

 []


Underfull \hbox (badness 10000) in paragraph at lines 647--648

 []

[24] [25] [26] [27] [28] [29] [30] [31] [32] [33] [34] (./gl-cheatsheet.aux)

LaTeX Font Warning: Some font shapes were not available, defaults substituted.

 ) 
Here is how much of TeX's memory you used:
 261 strings out of 493488
 3007 string characters out of 3141327
 55432 words of memory out of 3000000
 3634 multiletter control sequences out of 15000+200000
 8410 words of font info for 30 fonts, out of 3000000 for 9000
 957 hyphenation exceptions out of 8191
 22i,5n,19p,210b,181s stack positions out of 5000i,500n,10000p,200000b,50000s
</usr/local/texlive/2012/texmf-dist/fonts/type1/public/amsfonts/cm/cmbx12.pfb
></usr/local/texlive/2012/texmf-dist/fonts/type1/public/amsfonts/cm/cmr12.pfb><
/usr/local/texlive/2012/texmf-dist/fonts/type1/public/amsfonts/cm/cmsy10.pfb></
usr/local/texlive/2012/texmf-dist/fonts/type1/public/amsfonts/cm/cmti12.pfb></u
sr/local/texlive/2012/texmf-dist/fonts/type1/public/amsfonts/cm/cmtt12.pfb>
Output written on gl-cheatsheet.pdf (34 pages, 95613 bytes).
PDF statistics:
 133 PDF objects out of 1000 (max. 8388607)
 91 compressed objects within 1 object stream
 0 named destinations out of 1000 (max. 500000)
 1 words of extra memory for PDF output out of 10000 (max. 10000000)

