#
# A fatal error has been detected by the Java Runtime Environment:
#
#  SIGSEGV (0xb) at pc=0x0000000000000000, pid=2060, tid=62215
#
# JRE version: Java(TM) SE Runtime Environment (7.0_45-b18) (build 1.7.0_45-b18)
# Java VM: Java HotSpot(TM) 64-Bit Server VM (24.45-b08 mixed mode bsd-amd64 compressed oops)
# Problematic frame:
# C  0x0000000000000000
#
# Failed to write core dump. Core dumps have been disabled. To enable core dumping, try "ulimit -c unlimited" before starting Java again
#
# If you would like to submit a bug report, please visit:
#   http://bugreport.sun.com/bugreport/crash.jsp
#

---------------  T H R E A D  ---------------

Current thread is native thread

siginfo:si_signo=SIGSEGV: si_errno=0, si_code=1 (SEGV_MAPERR), si_addr=0x0000000000000000

Registers:
RAX=0x000000015a715508, RBX=0x00000000000161b0, RCX=0x0000000000000010, RDX=0xfffffffffffffff0
RSP=0x000000015aa49a18, RBP=0x000000015aa49ac0, RSI=0x0000000000000000, RDI=0x00007ff263adb200
R8 =0x0000000000000200, R9 =0x00007ff2635d9ee0, R10=0x000000015a7505bc, R11=0x00007ff2635d9ee0
R12=0x00007ff2635d9ee0, R13=0x00007ff263adb200, R14=0x0000000000000200, R15=0x0000000000000800
RIP=0x0000000000000000, EFLAGS=0x0000000000010246, ERR=0x0000000000000014
  TRAPNO=0x000000000000000e

Top of Stack: (sp=0x000000015aa49a18)
0x000000015aa49a18:   000000015a6e7639 000000015aa49b00
0x000000015aa49a28:   00007fff89e816ca 00007ff263ae33b0
0x000000015aa49a38:   00000001543fd010 00007ff263ae13b0
0x000000015aa49a48:   0000020000000004 0000000000000000
0x000000015aa49a58:   0000000000000800 0000000000000200
0x000000015aa49a68:   00007ff263adf3b0 00007ff263adb200
0x000000015aa49a78:   0000020000000000 00007ff2635e2518
0x000000015aa49a88:   000000000000037f 850048b4baf1eac5
0x000000015aa49a98:   00007ff2634a93f8 00007ff2635d9ee0
0x000000015aa49aa8:   00007ff2635e2510 0000000000000200
0x000000015aa49ab8:   00007ff2634a9380 000000015aa49ad0
0x000000015aa49ac8:   000000015a6f72ef 000000015aa49b40
0x000000015aa49ad8:   000000015a74d790 00007ff263b1fbf8
0x000000015aa49ae8:   00007ff263b1fa00 00007ff2634a93f8
0x000000015aa49af8:   0000000086f9d8f3 000000015aa49c90
0x000000015aa49b08:   000000015aa49c88 0000020000000000
0x000000015aa49b18:   000000015aa49c88 00007ff2634a9600
0x000000015aa49b28:   00007ff263b1fa00 00007ff2634b3530
0x000000015aa49b38:   0000000000000200 000000015aa49b90
0x000000015aa49b48:   000000015a74b1c1 000000015aa49bd0
0x000000015aa49b58:   000000015aa49c90 0000000063b1fc28
0x000000015aa49b68:   00007ff263b1fa00 0000000000000000
0x000000015aa49b78:   00007ff2634b3530 00000000ffffffce
0x000000015aa49b88:   0000000000000200 000000015aa49c00
0x000000015aa49b98:   000000015a749a75 00007ff2634b3530
0x000000015aa49ba8:   00001fa0543fb0e0 000000015aa49c88
0x000000015aa49bb8:   00007ff2634a9600 00007ff263b1fa00
0x000000015aa49bc8:   000000015aa49c90 00009fe000000000
0x000000015aa49bd8:   3d00010000000007 00007ff263b1fa00
0x000000015aa49be8:   0000000000000000 00007ff2634b3530
0x000000015aa49bf8:   00000001543fb060 000000015aa49d00
0x000000015aa49c08:   000000015a750dd8 00007ff2634a9828 

Instructions: (pc=0x0000000000000000)
0xffffffffffffffe0:   

Register to memory mapping:

RAX=