#
# A fatal error has been detected by the Java Runtime Environment:
#
#  SIGSEGV (0xb) at pc=0x0000000106036f8e, pid=2440, tid=4867
#
# JRE version: Java(TM) SE Runtime Environment (7.0_45-b18) (build 1.7.0_45-b18)
# Java VM: Java HotSpot(TM) 64-Bit Server VM (24.45-b08 mixed mode bsd-amd64 compressed oops)
# Problematic frame:
# V  [libjvm.dylib+0x2fbf8e]  jni_IsInstanceOf+0x62
#
# Failed to write core dump. Core dumps have been disabled. To enable core dumping, try "ulimit -c unlimited" before starting Java again
#
# If you would like to submit a bug report, please visit:
#   http://bugreport.sun.com/bugreport/crash.jsp
#

---------------  T H R E A D  ---------------

Current thread (0x00007f89a900f000):  JavaThread "main" [_thread_in_vm, id=4867, stack(0x000000010678f000,0x000000010688f000)]

siginfo:si_signo=SIGSEGV: si_errno=0, si_code=1 (SEGV_MAPERR), si_addr=0x0000000100000001

Registers:
RAX=0x0000000109cbc018, RBX=0x00007f89a8c2fd30, RCX=0x000000010653dc90, RDX=0x00000001064ab5c0
RSP=0x000000010688e560, RBP=0x000000010688e580, RSI=0x0000000100000001, RDI=0x000000013976a210
R8 =0x0000000000000320, R9 =0x0000000000000258, R10=0x00007f89a8d1efa0, R11=0x00007fff7c14ddb8
R12=0x00007f89a900f1e8, R13=0x0000000000000000, R14=0x0000000100000001, R15=0x00007f89a900f1e8
RIP=0x0000000106036f8e, EFLAGS=0x0000000000010202, ERR=0x0000000000000004
  TRAPNO=0x000000000000000e

Top of Stack: (sp=0x000000010688e560)
0x000000010688e560:   00007f89a900f000 0000000100000001
0x000000010688e570:   00007f89a900f1e8 00007f89a900f000
0x000000010688e580:   000000010688e5b0 0000000106044288
0x000000010688e590:   000000010688e5b0 0000000000000000
0x000000010688e5a0:   0000000000000000 0000000000000000
0x000000010688e5b0:   000000010688e610 000000015746837b
0x000000010688e5c0:   000000010688e600 0000032000000258
0x000000010688e5d0:   000001b8000000e1 000000010688e750
0x000000010688e5e0:   00007f89a900f000 0000000109e71e80
0x000000010688e5f0:   0000000000000000 0000000109e71e78
0x000000010688e600:   000000010688e750 00007f89a900f000
0x000000010688e610:   000000010688e6d0 00000001068f3738
0x000000010688e620:   0000000100000000 0000000100000000
0x000000010688e630:   0000000100000000 0000000100000000
0x000000010688e640:   0000000100000001 0000000000000000
0x000000010688e650:   000000010688e6f8 0000000000000000
0x000000010688e660:   000000010688e678 000000010688e6c0
0x000000010688e670:   00000001068e7350 000000013972a648
0x000000010688e680:   000000010688e680 0000000109db0a1e
0x000000010688e690:   000000010688e690 0000000109e71e78
0x000000010688e6a0:   000000010688e750 0000000109e9c1f0
0x000000010688e6b0:   0000000000000000 0000000109e71e80
0x000000010688e6c0:   0000000000000000 000000010688e6f0
0x000000010688e6d0:   000000010688e7a0 00000001068e7233
0x000000010688e6e0:   0000000000000000 00000001068efcdb
0x000000010688e6f0:   0000000000000000 0000000139a9e880
0x000000010688e700:   0000000000000000 0000000000000001
0x000000010688e710:   0000000000000000 0000000000000000
0x000000010688e720:   0000000000000000 0000000000000000
0x000000010688e730:   0000000000000258 0000000000000320
0x000000010688e740:   00000000000000e1 00000000000001b8
0x000000010688e750:   0000000139a72f98 0000000139a72f98 

Instructions: (pc=0x0000000106036f8e)
0x0000000106036f6e:   04 b0 01 eb 4a 48 8b 3b e8 93 cc fd ff 48 85 c0
0x0000000106036f7e:   75 04 30 c0 eb 39 48 8d 0d 05 6d 50 00 80 39 00
0x0000000106036f8e:   49 8b 16 74 15 48 8d 35 26 46 47 00 8a 4e 08 8b
0x0000000106036f9e:   7a 08 48 d3 e7 48 03 3e eb 04 48 8b 7a 08 48 83 

Register to memory mapping:

RAX=0x0000000109cbc018 is an oop
{instance class} 
 - klass: {other class}
RBX=0x00007f89a8c2fd30 is a global jni handle
RCX=0x000000010653dc90: UseCompressedOops+0 in /Library/Java/JavaVirtualMachines/jdk1.7.0_45.jdk/Contents/Home/jre/lib/server/libjvm.dylib at 0x0000000105d3b000
RDX=0x00000001064ab5c0: _ZN8Universe11_narrow_oopE+0 in /Library/Java/JavaVirtualMachines/jdk1.7.0_45.jdk/Contents/Home/jre/lib/server/libjvm.dylib at 0x0000000105d3b000
RSP=0x000000010688e560 is pointing into the stack for thread: 0x00007f89a900f000
RBP=0x000000010688e580 is pointing into the stack for thread: 0x00007f89a900f000
RSI=0x0000000100000001 is an unknown value
RDI=0x000000013976a210 is an oop
java.lang.Class 
 - klass: 'java/lang/Class'
R8 =0x0000000000000320 is an unknown value
R9 =0x0000000000000258 is an unknown value
R10=0x00007f89a8d1efa0 is an unknown value
R11=0x00007fff7c14ddb8: OBJC_CLASS_$_NSAutoreleasePool+0 in /System/Library/Frameworks/Foundation.framework/Versions/C/Foundation at 0x00007fff94b5c000
R12=0x00007f89a900f1e8 is an unknown value
R13=0x0000000000000000 is an unknown value
R14=0x0000000100000001 is an unknown value
R15=0x00007f89a900f1e8 is an unknown value


Stack: [0x000000010678f000,0x000000010688f000],  sp=0x000000010688e560,  free space=1021k
Native frames: (J=compiled Java code, j=interpreted, Vv=VM code, C=native code)
V  [libjvm.dylib+0x2fbf8e]  jni_IsInstanceOf+0x62
V  [libjvm.dylib+0x309288]  jni_GetDirectBufferAddress+0x60
C  [liblwjgl.jnilib+0xb37b]  Java_org_lwjgl_opengl_MacOSXDisplay_nCreateWindow+0x8b
j  org.lwjgl.opengl.MacOSXDisplay.nCreateWindow(IIIIZZZZZZLjava/nio/ByteBuffer;Ljava/nio/ByteBuffer;)Ljava/nio/ByteBuffer;+0
j  org.lwjgl.opengl.MacOSXDisplay.createWindow(Lorg/lwjgl/opengl/DrawableLWJGL;Lorg/lwjgl/opengl/DisplayMode;Ljava/awt/Canvas;II)V+191
j  org.lwjgl.opengl.Display.createWindow()V+71
j  org.lwjgl.opengl.Display.create(Lorg/lwjgl/opengl/PixelFormat;Lorg/lwjgl/opengl/Drawable;Lorg/lwjgl/opengl/ContextAttribs;)V+72
j  org.lwjgl.opengl.Display.create(Lorg/lwjgl/opengl/PixelFormat;)V+12
j  name.martingeisse.miner.Main.main([Ljava/lang/String;)V+326
v  ~StubRoutines::call_stub
V  [libjvm.dylib+0x2d6d90]  JavaCalls::call_helper(JavaValue*, methodHandle*, JavaCallArguments*, Thread*)+0x22a
V  [libjvm.dylib+0x2d6b60]  JavaCalls::call(JavaValue*, methodHandle, JavaCallArguments*, Thread*)+0x28
V  [libjvm.dylib+0x30a304]  jni_invoke_static(JNIEnv_*, JavaValue*, _jobject*, JNICallType, _jmethodID*, JNI_ArgumentPusher*, Thread*)+0xe6
V  [libjvm.dylib+0x30349f]  jni_CallStaticVoidMethod+0x10b
C  [java+0x30fe]  JavaMain+0x91d
C  [libsystem_pthread.dylib+0x1899]  _pthread_body+0x8a
C  [libsystem_pthread.dylib+0x172a]  _pthread_struct_init+0x0
C  [libsystem_pthread.dylib+0x5fc9]  thread_start+0xd

Java frames: (J=compiled Java code, j=interpreted, Vv=VM code)
j  org.lwjgl.opengl.MacOSXDisplay.nCreateWindow(IIIIZZZZZZLjava/nio/ByteBuffer;Ljava/nio/ByteBuffer;)Ljava/nio/ByteBuffer;+0
j  org.lwjgl.opengl.MacOSXDisplay.createWindow(Lorg/lwjgl/opengl/DrawableLWJGL;Lorg/lwjgl/opengl/DisplayMode;Ljava/awt/Canvas;II)V+191
j  org.lwjgl.opengl.Display.createWindow()V+71
j  org.lwjgl.opengl.Display.create(Lorg/lwjgl/opengl/PixelFormat;Lorg/lwjgl/opengl/Drawable;Lorg/lwjgl/opengl/ContextAttribs;)V+72
j  org.lwjgl.opengl.Display.create(Lorg/lwjgl/opengl/PixelFormat;)V+12
j  name.martingeisse.miner.Main.main([Ljava/lang/String;)V+326
v  ~StubRoutines::call_stub

---------------  P R O C E S S  ---------------

Java Threads: ( => current thread )
  0x00007f89a9900000 JavaThread "AWT-Shutdown" [_thread_blocked, id=25615, stack(0x0000000154b63000,0x0000000154c63000)]
  0x00007f89a98ff000 JavaThread "AppKit Thread" daemon [_thread_in_native, id=1287, stack(0x00007fff59f43000,0x00007fff59fc3000)]
  0x00007f89a982a800 JavaThread "Service Thread" daemon [_thread_blocked, id=18691, stack(0x0000000152f13000,0x0000000153013000)]
  0x00007f89a9829800 JavaThread "C2 CompilerThread1" daemon [_thread_blocked, id=18179, stack(0x0000000152e10000,0x0000000152f10000)]
  0x00007f89a9057000 JavaThread "C2 CompilerThread0" daemon [_thread_blocked, id=17667, stack(0x0000000152d0d000,0x0000000152e0d000)]
  0x00007f89a9828000 JavaThread "Signal Dispatcher" daemon [_thread_blocked, id=17155, stack(0x0000000152c0a000,0x0000000152d0a000)]
  0x00007f89a904d800 JavaThread "Finalizer" daemon [_thread_blocked, id=11523, stack(0x0000000152a01000,0x0000000152b01000)]
  0x00007f89a904b000 JavaThread "Reference Handler" daemon [_thread_blocked, id=11011, stack(0x0000000152438000,0x0000000152538000)]
=>0x00007f89a900f000 JavaThread "main" [_thread_in_vm, id=4867, stack(0x000000010678f000,0x000000010688f000)]

Other Threads:
  0x00007f89a9048000 VMThread [stack: 0x0000000152335000,0x0000000152435000] [id=8451]
  0x00007f89a9821000 WatcherThread [stack: 0x0000000153016000,0x0000000153116000] [id=19203]

VM state:not at safepoint (normal execution)

VM Mutex/Monitor currently owned by a thread: None

Heap
 PSYoungGen      total 19456K, used 4094K [0x0000000139700000, 0x000000013ac80000, 0x000000014ec80000)
  eden space 16896K, 24% used [0x0000000139700000,0x0000000139affbb8,0x000000013a780000)
  from space 2560K, 0% used [0x000000013aa00000,0x000000013aa00000,0x000000013ac80000)
  to   space 2560K, 0% used [0x000000013a780000,0x000000013a780000,0x000000013aa00000)
 ParOldGen       total 43520K, used 0K [0x000000010ec80000, 0x0000000111700000, 0x0000000139700000)
  object space 43520K, 0% used [0x000000010ec80000,0x000000010ec80000,0x0000000111700000)
 PSPermGen       total 21504K, used 4330K [0x0000000109a80000, 0x000000010af80000, 0x000000010ec80000)
  object space 21504K, 20% used [0x0000000109a80000,0x0000000109ebaaf8,0x000000010af80000)

Card table byte_map: [0x000000014ec80000,0x000000014eeaa000] byte_map_base: 0x000000014e432c00

Polling page: 0x00000001068ce000

Code Cache  [0x00000001068e1000, 0x0000000106b51000, 0x00000001098e1000)
 total_blobs=219 nmethods=13 adapters=161 free_code_cache=48733Kb largest_free_block=49890048

Compilation events (10 events):
Event: 0.238 Thread 0x00007f89a9829800 nmethod 8 0x00000001069435d0 code [0x0000000106943740, 0x0000000106943998]
Event: 0.238 Thread 0x00007f89a9829800    9             java.lang.String::lastIndexOf (52 bytes)
Event: 0.241 Thread 0x00007f89a9829800 nmethod 9 0x0000000106944d10 code [0x0000000106944e60, 0x0000000106944fe8]
Event: 0.249 Thread 0x00007f89a9057000 nmethod 7 0x0000000106945990 code [0x0000000106945b20, 0x0000000106946358]
Event: 0.404 Thread 0x00007f89a9829800   10             java.lang.String::startsWith (72 bytes)
Event: 0.408 Thread 0x00007f89a9829800 nmethod 10 0x0000000106946b50 code [0x0000000106946ca0, 0x0000000106946e98]
Event: 0.409 Thread 0x00007f89a9057000   11             sun.net.www.ParseUtil::encodePath (336 bytes)
Event: 0.434 Thread 0x00007f89a9057000 nmethod 11 0x000000010694b090 code [0x000000010694b2e0, 0x000000010694c338]
Event: 1.394 Thread 0x00007f89a9829800   13             java.lang.Object::<init> (1 bytes)
Event: 1.394 Thread 0x00007f89a9829800 nmethod 13 0x0000000106941c10 code [0x0000000106941d40, 0x0000000106941dd8]

GC Heap History (0 events):
No events

Deoptimization events (0 events):
No events

Internal exceptions (10 events):
Event: 1.391 Thread 0x00007f89a900f000 Threw 0x0000000139a57cb0 at /HUDSON/workspace/7u-2-build-macosx-x86_64/jdk7u45/229/hotspot/src/share/vm/prims/jvm.cpp:1244
Event: 1.393 Thread 0x00007f89a900f000 Threw 0x0000000139a602b8 at /HUDSON/workspace/7u-2-build-macosx-x86_64/jdk7u45/229/hotspot/src/share/vm/prims/jvm.cpp:1244
Event: 1.394 Thread 0x00007f89a900f000 Threw 0x0000000139a68928 at /HUDSON/workspace/7u-2-build-macosx-x86_64/jdk7u45/229/hotspot/src/share/vm/prims/jvm.cpp:1244
Event: 1.420 Thread 0x00007f89a900f000 Threw 0x0000000139a73828 at /HUDSON/workspace/7u-2-build-macosx-x86_64/jdk7u45/229/hotspot/src/share/vm/prims/jvm.cpp:1244
Event: 1.422 Thread 0x00007f89a900f000 Threw 0x0000000139a7be70 at /HUDSON/workspace/7u-2-build-macosx-x86_64/jdk7u45/229/hotspot/src/share/vm/prims/jvm.cpp:1244
Event: 1.424 Thread 0x00007f89a900f000 Threw 0x0000000139a850f0 at /HUDSON/workspace/7u-2-build-macosx-x86_64/jdk7u45/229/hotspot/src/share/vm/prims/jvm.cpp:1244
Event: 1.426 Thread 0x00007f89a900f000 Threw 0x0000000139a8fe60 at /HUDSON/workspace/7u-2-build-macosx-x86_64/jdk7u45/229/hotspot/src/share/vm/prims/jvm.cpp:1244
Event: 1.427 Thread 0x00007f89a900f000 Threw 0x0000000139a97798 at /HUDSON/workspace/7u-2-build-macosx-x86_64/jdk7u45/229/hotspot/src/share/vm/prims/jvm.cpp:1244
Event: 1.620 Thread 0x00007f89a900f000 Threw 0x0000000139a9f148 at /HUDSON/workspace/7u-2-build-macosx-x86_64/jdk7u45/229/hotspot/src/share/vm/prims/jvm.cpp:1244
Event: 1.640 Thread 0x00007f89a900f000 Threw 0x0000000139aa8338 at /HUDSON/workspace/7u-2-build-macosx-x86_64/jdk7u45/229/hotspot/src/share/vm/prims/jvm.cpp:1244

Events (10 events):
Event: 1.427 loading class 0x00007f89a919aed0
Event: 1.427 loading class 0x00007f89a919aed0 done
Event: 1.427 loading class 0x00007f89a8d1aad0
Event: 1.427 loading class 0x00007f89a8d1aad0 done
Event: 1.429 loading class 0x00007f89a99226e0
Event: 1.430 loading class 0x00007f89a99226e0 done
Event: 1.620 loading class 0x00007f89a8d76470
Event: 1.620 loading class 0x00007f89a8d76470 done
Event: 1.640 loading class 0x00007f89a8d1ace0
Event: 1.640 loading class 0x00007f89a8d1ace0 done


Dynamic libraries:
0x000000000a936000 	/System/Library/Frameworks/Cocoa.framework/Versions/A/Cocoa
0x000000000a936000 	/System/Library/Frameworks/Security.framework/Versions/A/Security
0x000000000a936000 	/System/Library/Frameworks/ApplicationServices.framework/Versions/A/ApplicationServices
0x000000000a936000 	/usr/lib/libz.1.dylib
0x000000000a936000 	/usr/lib/libSystem.B.dylib
0x000000000a936000 	/usr/lib/libobjc.A.dylib
0x000000000a936000 	/System/Library/Frameworks/CoreFoundation.framework/Versions/A/CoreFoundation
0x000000000a936000 	/System/Library/Frameworks/Foundation.framework/Versions/C/Foundation
0x000000000a936000 	/System/Library/Frameworks/AppKit.framework/Versions/C/AppKit
0x000000000a936000 	/System/Library/Frameworks/CoreData.framework/Versions/A/CoreData
0x000000000a936000 	/System/Library/PrivateFrameworks/RemoteViewServices.framework/Versions/A/RemoteViewServices
0x000000000a936000 	/System/Library/Frameworks/AudioToolbox.framework/Versions/A/AudioToolbox
0x000000000a936000 	/System/Library/Frameworks/AudioUnit.framework/Versions/A/AudioUnit
0x000000000a936000 	/System/Library/PrivateFrameworks/DataDetectorsCore.framework/Versions/A/DataDetectorsCore
0x000000000a936000 	/System/Library/PrivateFrameworks/DesktopServicesPriv.framework/Versions/A/DesktopServicesPriv
0x000000000a936000 	/System/Library/Frameworks/Carbon.framework/Versions/A/Frameworks/HIToolbox.framework/Versions/A/HIToolbox
0x000000000a936000 	/System/Library/Frameworks/QuartzCore.framework/Versions/A/QuartzCore
0x000000000a936000 	/System/Library/Frameworks/Carbon.framework/Versions/A/Frameworks/SpeechRecognition.framework/Versions/A/SpeechRecognition
0x000000000a936000 	/usr/lib/libauto.dylib
0x000000000a936000 	/usr/lib/libicucore.A.dylib
0x000000000a936000 	/usr/lib/libxml2.2.dylib
0x000000000a936000 	/System/Library/PrivateFrameworks/CoreUI.framework/Versions/A/CoreUI
0x000000000a936000 	/System/Library/Frameworks/CoreAudio.framework/Versions/A/CoreAudio
0x000000000a936000 	/System/Library/Frameworks/DiskArbitration.framework/Versions/A/DiskArbitration
0x000000000a936000 	/usr/lib/liblangid.dylib
0x000000000a936000 	/System/Library/PrivateFrameworks/MultitouchSupport.framework/Versions/A/MultitouchSupport
0x000000000a936000 	/System/Library/Frameworks/IOKit.framework/Versions/A/IOKit
0x000000000a936000 	/usr/lib/libDiagnosticMessagesClient.dylib
0x000000000a936000 	/System/Library/Frameworks/CoreServices.framework/Versions/A/CoreServices
0x000000000a936000 	/System/Library/PrivateFrameworks/PerformanceAnalysis.framework/Versions/A/PerformanceAnalysis
0x000000000a936000 	/System/Library/PrivateFrameworks/GenerationalStorage.framework/Versions/A/GenerationalStorage
0x000000000a936000 	/System/Library/Frameworks/OpenGL.framework/Versions/A/OpenGL
0x000000000a936000 	/System/Library/PrivateFrameworks/Sharing.framework/Versions/A/Sharing
0x000000000a936000 	/System/Library/Frameworks/ImageIO.framework/Versions/A/ImageIO
0x000000000a936000 	/System/Library/Frameworks/CoreText.framework/Versions/A/CoreText
0x000000000a936000 	/System/Library/Frameworks/CoreGraphics.framework/Versions/A/CoreGraphics
0x000000000a936000 	/System/Library/PrivateFrameworks/Backup.framework/Versions/A/Backup
0x000000000a936000 	/System/Library/Frameworks/CFNetwork.framework/Versions/A/CFNetwork
0x000000000a936000 	/System/Library/Frameworks/SystemConfiguration.framework/Versions/A/SystemConfiguration
0x000000000a936000 	/usr/lib/libCRFSuite.dylib
0x000000000a936000 	/usr/lib/libc++.1.dylib
0x000000000a936000 	/usr/lib/libc++abi.dylib
0x000000000a936000 	/usr/lib/system/libcache.dylib
0x000000000a936000 	/usr/lib/system/libcommonCrypto.dylib
0x000000000a936000 	/usr/lib/system/libcompiler_rt.dylib
0x000000000a936000 	/usr/lib/system/libcopyfile.dylib
0x000000000a936000 	/usr/lib/system/libcorecrypto.dylib
0x000000000a936000 	/usr/lib/system/libdispatch.dylib
0x000000000a936000 	/usr/lib/system/libdyld.dylib
0x000000000a936000 	/usr/lib/system/libkeymgr.dylib
0x000000000a936000 	/usr/lib/system/liblaunch.dylib
0x000000000a936000 	/usr/lib/system/libmacho.dylib
0x000000000a936000 	/usr/lib/system/libquarantine.dylib
0x000000000a936000 	/usr/lib/system/libremovefile.dylib
0x000000000a936000 	/usr/lib/system/libsystem_asl.dylib
0x000000000a936000 	/usr/lib/system/libsystem_blocks.dylib
0x000000000a936000 	/usr/lib/system/libsystem_c.dylib
0x000000000a936000 	/usr/lib/system/libsystem_configuration.dylib
0x000000000a936000 	/usr/lib/system/libsystem_dnssd.dylib
0x000000000a936000 	/usr/lib/system/libsystem_info.dylib
0x000000000a936000 	/usr/lib/system/libsystem_kernel.dylib
0x000000000a936000 	/usr/lib/system/libsystem_m.dylib
0x000000000a936000 	/usr/lib/system/libsystem_malloc.dylib
0x000000000a936000 	/usr/lib/system/libsystem_network.dylib
0x000000000a936000 	/usr/lib/system/libsystem_notify.dylib
0x000000000a936000 	/usr/lib/system/libsystem_platform.dylib
0x000000000a936000 	/usr/lib/system/libsystem_pthread.dylib
0x000000000a936000 	/usr/lib/system/libsystem_sandbox.dylib
0x000000000a936000 	/usr/lib/system/libsystem_stats.dylib
0x000000000a936000 	/usr/lib/system/libunc.dylib
0x000000000a936000 	/usr/lib/system/libunwind.dylib
0x000000000a936000 	/usr/lib/system/libxpc.dylib
0x000000000a936000 	/usr/lib/libbsm.0.dylib
0x000000000a936000 	/usr/lib/libsqlite3.dylib
0x000000000a936000 	/usr/lib/libxar.1.dylib
0x000000000a936000 	/usr/lib/libpam.2.dylib
0x000000000a936000 	/usr/lib/libOpenScriptingUtil.dylib
0x000000000a936000 	/usr/lib/libbz2.1.0.dylib
0x000000000a936000 	/System/Library/Frameworks/CoreServices.framework/Versions/A/Frameworks/CarbonCore.framework/Versions/A/CarbonCore
0x000000000a936000 	/System/Library/Frameworks/CoreServices.framework/Versions/A/Frameworks/Metadata.framework/Versions/A/Metadata
0x000000000a936000 	/System/Library/Frameworks/CoreServices.framework/Versions/A/Frameworks/OSServices.framework/Versions/A/OSServices
0x000000000a936000 	/System/Library/Frameworks/CoreServices.framework/Versions/A/Frameworks/SearchKit.framework/Versions/A/SearchKit
0x000000000a936000 	/System/Library/Frameworks/CoreServices.framework/Versions/A/Frameworks/AE.framework/Versions/A/AE
0x000000000a936000 	/System/Library/Frameworks/CoreServices.framework/Versions/A/Frameworks/LaunchServices.framework/Versions/A/LaunchServices
0x000000000a936000 	/System/Library/Frameworks/CoreServices.framework/Versions/A/Frameworks/DictionaryServices.framework/Versions/A/DictionaryServices
0x000000000a936000 	/System/Library/Frameworks/NetFS.framework/Versions/A/NetFS
0x000000000a936000 	/usr/lib/system/libkxld.dylib
0x000000000a936000 	/System/Library/PrivateFrameworks/NetAuth.framework/Versions/A/NetAuth
0x000000000a936000 	/System/Library/PrivateFrameworks/TCC.framework/Versions/A/TCC
0x000000000a936000 	/System/Library/Frameworks/OpenDirectory.framework/Versions/A/Frameworks/CFOpenDirectory.framework/Versions/A/CFOpenDirectory
0x000000000a936000 	/System/Library/Frameworks/ServiceManagement.framework/Versions/A/ServiceManagement
0x000000000a936000 	/usr/lib/libxslt.1.dylib
0x000000000a936000 	/System/Library/Frameworks/Carbon.framework/Versions/A/Frameworks/Ink.framework/Versions/A/Ink
0x000000000a936000 	/System/Library/Frameworks/ApplicationServices.framework/Versions/A/Frameworks/ATS.framework/Versions/A/ATS
0x000000000a936000 	/System/Library/Frameworks/ApplicationServices.framework/Versions/A/Frameworks/ColorSync.framework/Versions/A/ColorSync
0x000000000a936000 	/System/Library/Frameworks/ApplicationServices.framework/Versions/A/Frameworks/HIServices.framework/Versions/A/HIServices
0x000000000a936000 	/System/Library/Frameworks/ApplicationServices.framework/Versions/A/Frameworks/LangAnalysis.framework/Versions/A/LangAnalysis
0x000000000a936000 	/System/Library/Frameworks/ApplicationServices.framework/Versions/A/Frameworks/PrintCore.framework/Versions/A/PrintCore
0x000000000a936000 	/System/Library/Frameworks/ApplicationServices.framework/Versions/A/Frameworks/QD.framework/Versions/A/QD
0x000000000a936000 	/System/Library/Frameworks/ApplicationServices.framework/Versions/A/Frameworks/SpeechSynthesis.framework/Versions/A/SpeechSynthesis
0x000000000a936000 	/System/Library/Frameworks/IOSurface.framework/Versions/A/IOSurface
0x000000000a936000 	/System/Library/Frameworks/Accelerate.framework/Versions/A/Accelerate
0x000000000a936000 	/System/Library/Frameworks/Accelerate.framework/Versions/A/Frameworks/vImage.framework/Versions/A/vImage
0x000000000a936000 	/System/Library/Frameworks/Accelerate.framework/Versions/A/Frameworks/vecLib.framework/Versions/A/vecLib
0x000000000a936000 	/System/Library/Frameworks/Accelerate.framework/Versions/A/Frameworks/vecLib.framework/Versions/A/libvDSP.dylib
0x000000000a936000 	/System/Library/Frameworks/Accelerate.framework/Versions/A/Frameworks/vecLib.framework/Versions/A/libvMisc.dylib
0x000000000a936000 	/System/Library/Frameworks/Accelerate.framework/Versions/A/Frameworks/vecLib.framework/Versions/A/libLAPACK.dylib
0x000000000a936000 	/System/Library/Frameworks/Accelerate.framework/Versions/A/Frameworks/vecLib.framework/Versions/A/libBLAS.dylib
0x000000000a936000 	/System/Library/Frameworks/ApplicationServices.framework/Versions/A/Frameworks/ATS.framework/Versions/A/Resources/libFontParser.dylib
0x000000000a936000 	/System/Library/Frameworks/ApplicationServices.framework/Versions/A/Frameworks/ATS.framework/Versions/A/Resources/libFontRegistry.dylib
0x000000000a936000 	/System/Library/Frameworks/ImageIO.framework/Versions/A/Resources/libJPEG.dylib
0x000000000a936000 	/System/Library/Frameworks/ImageIO.framework/Versions/A/Resources/libTIFF.dylib
0x000000000a936000 	/System/Library/Frameworks/ImageIO.framework/Versions/A/Resources/libPng.dylib
0x000000000a936000 	/System/Library/Frameworks/ImageIO.framework/Versions/A/Resources/libGIF.dylib
0x000000000a936000 	/System/Library/Frameworks/ImageIO.framework/Versions/A/Resources/libJP2.dylib
0x000000000a936000 	/System/Library/Frameworks/ImageIO.framework/Versions/A/Resources/libRadiance.dylib
0x000000000a936000 	/usr/lib/libcups.2.dylib
0x000000000a936000 	/System/Library/Frameworks/Kerberos.framework/Versions/A/Kerberos
0x000000000a936000 	/System/Library/Frameworks/GSS.framework/Versions/A/GSS
0x000000000a936000 	/usr/lib/libresolv.9.dylib
0x000000000a936000 	/usr/lib/libiconv.2.dylib
0x000000000a936000 	/System/Library/PrivateFrameworks/Heimdal.framework/Versions/A/Heimdal
0x000000000a936000 	/System/Library/PrivateFrameworks/TrustEvaluationAgent.framework/Versions/A/TrustEvaluationAgent
0x000000000a936000 	/usr/lib/libheimdal-asn1.dylib
0x000000000a936000 	/System/Library/Frameworks/OpenDirectory.framework/Versions/A/OpenDirectory
0x000000000a936000 	/System/Library/PrivateFrameworks/CommonAuth.framework/Versions/A/CommonAuth
0x000000000a936000 	/System/Library/Frameworks/SecurityFoundation.framework/Versions/A/SecurityFoundation
0x000000000a936000 	/System/Library/PrivateFrameworks/Bom.framework/Versions/A/Bom
0x000000000a936000 	/System/Library/Frameworks/CoreVideo.framework/Versions/A/CoreVideo
0x000000000a936000 	/System/Library/Frameworks/QuartzCore.framework/Versions/A/Frameworks/CoreImage.framework/Versions/A/CoreImage
0x000000000a936000 	/System/Library/Frameworks/QuartzCore.framework/Versions/A/Frameworks/ScalableUserInterface.framework/Versions/A/ScalableUserInterface
0x000000000a936000 	/System/Library/Frameworks/OpenGL.framework/Versions/A/Libraries/libGLU.dylib
0x000000000a936000 	/System/Library/Frameworks/OpenGL.framework/Versions/A/Libraries/libGFXShared.dylib
0x000000000a936000 	/System/Library/Frameworks/OpenGL.framework/Versions/A/Libraries/libGL.dylib
0x000000000a936000 	/System/Library/Frameworks/OpenGL.framework/Versions/A/Libraries/libGLImage.dylib
0x000000000a936000 	/System/Library/Frameworks/OpenGL.framework/Versions/A/Libraries/libCVMSPluginSupport.dylib
0x000000000a936000 	/System/Library/Frameworks/OpenGL.framework/Versions/A/Libraries/libCoreVMClient.dylib
0x000000000a936000 	/System/Library/PrivateFrameworks/FaceCore.framework/Versions/A/FaceCore
0x000000000a936000 	/System/Library/PrivateFrameworks/CrashReporterSupport.framework/Versions/A/CrashReporterSupport
0x000000000a936000 	/System/Library/Frameworks/OpenCL.framework/Versions/A/OpenCL
0x000000000a936000 	/System/Library/PrivateFrameworks/AppleFSCompression.framework/Versions/A/AppleFSCompression
0x000000000a936000 	/System/Library/PrivateFrameworks/Ubiquity.framework/Versions/A/Ubiquity
0x000000000a936000 	/System/Library/PrivateFrameworks/IconServices.framework/Versions/A/IconServices
0x000000000a936000 	/System/Library/PrivateFrameworks/ChunkingLibrary.framework/Versions/A/ChunkingLibrary
0x000000000a936000 	/System/Library/PrivateFrameworks/CoreSymbolication.framework/Versions/A/CoreSymbolication
0x000000000a936000 	/System/Library/PrivateFrameworks/Symbolication.framework/Versions/A/Symbolication
0x000000000a936000 	/System/Library/PrivateFrameworks/DebugSymbols.framework/Versions/A/DebugSymbols
0x0000000105d3b000 	/Library/Java/JavaVirtualMachines/jdk1.7.0_45.jdk/Contents/Home/jre/lib/server/libjvm.dylib
0x000000000a936000 	/usr/lib/libstdc++.6.dylib
0x0000000106891000 	/Library/Java/JavaVirtualMachines/jdk1.7.0_45.jdk/Contents/Home/jre/lib/libverify.dylib
0x000000010689e000 	/Library/Java/JavaVirtualMachines/jdk1.7.0_45.jdk/Contents/Home/jre/lib/libjava.dylib
0x00000001068d8000 	/Library/Java/JavaVirtualMachines/jdk1.7.0_45.jdk/Contents/Home/jre/lib/libzip.dylib
0x000000015253a000 	/System/Library/Frameworks/JavaVM.framework/Frameworks/JavaRuntimeSupport.framework/JavaRuntimeSupport
0x0000000152552000 	/System/Library/Frameworks/JavaVM.framework/Versions/A/Frameworks/JavaNativeFoundation.framework/Versions/A/JavaNativeFoundation
0x0000000152566000 	/System/Library/Frameworks/JavaVM.framework/Versions/A/JavaVM
0x000000000a936000 	/System/Library/Frameworks/Carbon.framework/Versions/A/Carbon
0x0000000152572000 	/System/Library/PrivateFrameworks/JavaLaunching.framework/Versions/A/JavaLaunching
0x000000000a936000 	/System/Library/Frameworks/Carbon.framework/Versions/A/Frameworks/CommonPanels.framework/Versions/A/CommonPanels
0x000000000a936000 	/System/Library/Frameworks/Carbon.framework/Versions/A/Frameworks/Help.framework/Versions/A/Help
0x000000000a936000 	/System/Library/Frameworks/Carbon.framework/Versions/A/Frameworks/ImageCapture.framework/Versions/A/ImageCapture
0x000000000a936000 	/System/Library/Frameworks/Carbon.framework/Versions/A/Frameworks/OpenScripting.framework/Versions/A/OpenScripting
0x000000000a936000 	/System/Library/Frameworks/Carbon.framework/Versions/A/Frameworks/Print.framework/Versions/A/Print
0x000000000a936000 	/System/Library/Frameworks/Carbon.framework/Versions/A/Frameworks/SecurityHI.framework/Versions/A/SecurityHI
0x0000000153258000 	/Library/Java/JavaVirtualMachines/jdk1.7.0_45.jdk/Contents/Home/jre/lib/libawt.dylib
0x0000000153307000 	/Library/Java/JavaVirtualMachines/jdk1.7.0_45.jdk/Contents/Home/jre/lib/./libmlib_image.dylib
0x00000001533d3000 	/Library/Java/JavaVirtualMachines/jdk1.7.0_45.jdk/Contents/Home/jre/lib/lwawt/liblwawt.dylib
0x0000000153487000 	/Library/Java/JavaVirtualMachines/jdk1.7.0_45.jdk/Contents/Home/jre/lib/libosxapp.dylib
0x000000000a936000 	/System/Library/Frameworks/ExceptionHandling.framework/Versions/A/ExceptionHandling
0x000000000a936000 	/System/Library/PrivateFrameworks/CoreServicesInternal.framework/Versions/A/CoreServicesInternal
0x000000000a936000 	/System/Library/PrivateFrameworks/Librarian.framework/Versions/A/Librarian
0x0000000154c66000 	/System/Library/Frameworks/CoreGraphics.framework/Versions/A/Resources/libCGCMS.A.dylib
0x0000000154c77000 	/System/Library/Frameworks/CoreGraphics.framework/Versions/A/Resources/libRIP.A.dylib
0x0000000154cc6000 	/System/Library/Frameworks/CoreGraphics.framework/Versions/A/Resources/libCGXType.A.dylib
0x000000000a936000 	/System/Library/PrivateFrameworks/FamilyControls.framework/Versions/A/FamilyControls
0x000000000a936000 	/System/Library/PrivateFrameworks/CommerceKit.framework/Versions/A/Frameworks/CommerceCore.framework/Versions/A/CommerceCore
0x000000000a936000 	/System/Library/PrivateFrameworks/SystemAdministration.framework/Versions/A/SystemAdministration
0x000000000a936000 	/System/Library/Frameworks/DirectoryService.framework/Versions/A/DirectoryService
0x000000000a936000 	/System/Library/PrivateFrameworks/DiskImages.framework/Versions/A/DiskImages
0x000000000a936000 	/System/Library/PrivateFrameworks/LoginUIKit.framework/Versions/A/Frameworks/LoginUICore.framework/Versions/A/LoginUICore
0x000000000a936000 	/usr/lib/libCoreStorage.dylib
0x000000000a936000 	/usr/lib/libcsfde.dylib
0x000000000a936000 	/usr/lib/libodfde.dylib
0x000000000a936000 	/System/Library/Frameworks/DiscRecording.framework/Versions/A/DiscRecording
0x000000000a936000 	/usr/lib/libcurl.4.dylib
0x000000000a936000 	/System/Library/PrivateFrameworks/MediaKit.framework/Versions/A/MediaKit
0x000000000a936000 	/System/Library/PrivateFrameworks/EFILogin.framework/Versions/A/EFILogin
0x000000000a936000 	/usr/lib/libutil.dylib
0x000000000a936000 	/System/Library/PrivateFrameworks/AOSNotification.framework/Versions/A/AOSNotification
0x000000000a936000 	/System/Library/Frameworks/LDAP.framework/Versions/A/LDAP
0x000000000a936000 	/usr/lib/libsasl2.2.dylib
0x000000000a936000 	/usr/lib/libcrypto.0.9.8.dylib
0x000000000a936000 	/usr/lib/libssl.0.9.8.dylib
0x0000000154ce0000 	/Library/Java/JavaVirtualMachines/jdk1.7.0_45.jdk/Contents/Home/jre/lib/libfontmanager.dylib
0x000000015745d000 	/private/var/folders/h2/xx1006392bz6gq98hdlm80kh0000gn/T/miner-launcher-3274876796137571142/liblwjgl.jnilib
0x0000000154d44000 	/Library/Java/JavaVirtualMachines/jdk1.7.0_45.jdk/Contents/Home/jre/lib/libjawt.dylib
0x000000000a936000 	/System/Library/Frameworks/OpenGL.framework/Versions/A/Resources/GLEngine.bundle/GLEngine
0x000000000a936000 	/System/Library/Frameworks/OpenGL.framework/Versions/A/Libraries/libGLProgrammability.dylib
0x0000000000000000 	/System/Library/Extensions/GeForceTeslaGLDriver.bundle/Contents/MacOS/GeForceTeslaGLDriver
0x00000001574d8000 	/System/Library/Extensions/GeForceTeslaGLDriver.bundle/Contents/MacOS/libclh.dylib
0x0000000155af9000 	/System/Library/PrivateFrameworks/GPUSupport.framework/Versions/A/Libraries/libGPUSupport.dylib
0x000000000a936000 	/System/Library/Frameworks/OpenGL.framework/Versions/A/Resources/GLRendererFloat.bundle/GLRendererFloat
0x000000000a936000 	/System/Library/Frameworks/OpenCL.framework/Versions/A/Libraries/libcldcpuengine.dylib

VM Arguments:
jvm_args: -Dfile.encoding=UTF-8 
java_command: name.martingeisse.miner.Main
Launcher Type: SUN_STANDARD

Environment Variables:
PATH=/usr/bin:/bin:/usr/sbin:/sbin
SHELL=/bin/bash
DISPLAY=/tmp/launch-4sJqC3/org.macosforge.xquartz:0

Signal Handlers:
SIGSEGV: [libjvm.dylib+0x525415], sa_mask[0]=0xfffefeff, sa_flags=0x00000043
SIGBUS: [libjvm.dylib+0x525415], sa_mask[0]=0xfffefeff, sa_flags=0x00000042
SIGFPE: [libjvm.dylib+0x41891a], sa_mask[0]=0xfffefeff, sa_flags=0x00000042
SIGPIPE: [libjvm.dylib+0x41891a], sa_mask[0]=0xfffefeff, sa_flags=0x00000042
SIGXFSZ: [libjvm.dylib+0x41891a], sa_mask[0]=0xfffefeff, sa_flags=0x00000042
SIGILL: [libjvm.dylib+0x41891a], sa_mask[0]=0xfffefeff, sa_flags=0x00000042
SIGUSR1: SIG_DFL, sa_mask[0]=0x00000000, sa_flags=0x00000002
SIGUSR2: [libjvm.dylib+0x41840c], sa_mask[0]=0x00000004, sa_flags=0x00000042
SIGHUP: [libjvm.dylib+0x41669b], sa_mask[0]=0xfffefeff, sa_flags=0x00000042
SIGINT: [libjvm.dylib+0x41669b], sa_mask[0]=0xfffefeff, sa_flags=0x00000042
SIGTERM: [libjvm.dylib+0x41669b], sa_mask[0]=0xfffefeff, sa_flags=0x00000042
SIGQUIT: [libjvm.dylib+0x41669b], sa_mask[0]=0xfffefeff, sa_flags=0x00000042


---------------  S Y S T E M  ---------------

OS:Bsduname:Darwin 13.1.0 Darwin Kernel Version 13.1.0: Wed Apr  2 23:52:02 PDT 2014; root:xnu-2422.92.1~2/RELEASE_X86_64 x86_64
rlimit: STACK 8192k, CORE 0k, NPROC 709, NOFILE 10240, AS infinity
load average:3.17 2.13 2.05

CPU:total 2 (2 cores per cpu, 1 threads per core) family 6 model 23 stepping 10, cmov, cx8, fxsr, mmx, sse, sse2, sse3, ssse3, sse4.1, tsc

Memory: 4k page, physical 4194304k(1048576k free)

/proc/meminfo:


vm_info: Java HotSpot(TM) 64-Bit Server VM (24.45-b08) for bsd-amd64 JRE (1.7.0_45-b18), built on Oct  8 2013 05:54:16 by "java_re" with gcc 4.2.1 (Based on Apple Inc. build 5658) (LLVM build 2336.11.00)

time: Tue May 13 21:34:17 2014
elapsed time: 1 seconds

