2014-08-01 18:18:40,088 main com.mysema.query.sql.codegen.MetaDataExporter INFO: Exported dummy successfully
2014-08-01 18:19:30,334 main name.martingeisse.hackathon.application.tools.CassandraReset INFO: ----- starting frontend with config file: test.properties -----
2014-08-01 18:19:31,394 main com.datastax.driver.core.FrameCompressor WARN: Cannot find Snappy class, you should make sure the Snappy library is in the classpath if you intend to use it. Snappy compression will not be available for the protocol.
2014-08-01 18:19:31,395 main com.datastax.driver.core.FrameCompressor WARN: Cannot find LZ4 class, you should make sure the LZ4 library is in the classpath if you intend to use it. LZ4 compression will not be available for the protocol.
2014-08-01 18:19:32,228 main com.datastax.driver.core.policies.DCAwareRoundRobinPolicy INFO: Using data-center name 'datacenter1' for DCAwareRoundRobinPolicy (if this is incorrect, please provide the correct datacenter name with DCAwareRoundRobinPolicy constructor)
2014-08-01 18:19:51,865 main name.martingeisse.hackathon.Main INFO: ----- starting frontend with config file: test.properties -----
2014-08-01 18:19:51,989 Thread-1 com.datastax.driver.core.FrameCompressor WARN: Cannot find Snappy class, you should make sure the Snappy library is in the classpath if you intend to use it. Snappy compression will not be available for the protocol.
2014-08-01 18:19:51,991 Thread-1 com.datastax.driver.core.FrameCompressor WARN: Cannot find LZ4 class, you should make sure the LZ4 library is in the classpath if you intend to use it. LZ4 compression will not be available for the protocol.
2014-08-01 18:19:52,606 Thread-2 org.eclipse.jetty.server.Server INFO: jetty-8.1.15.v20140411
2014-08-01 18:19:53,434 Thread-2 org.apache.wicket.Application INFO: [org.apache.wicket.protocol.http.WicketFilter-65827638] init: Wicket core library initializer
2014-08-01 18:19:53,438 Thread-2 org.apache.wicket.RequestListenerInterface INFO: registered listener interface [RequestListenerInterface name=IBehaviorListener, method=public abstract void org.apache.wicket.behavior.IBehaviorListener.onRequest()]
2014-08-01 18:19:53,439 Thread-2 org.apache.wicket.RequestListenerInterface INFO: registered listener interface [RequestListenerInterface name=IFormSubmitListener, method=public abstract void org.apache.wicket.markup.html.form.IFormSubmitListener.onFormSubmitted()]
2014-08-01 18:19:53,439 Thread-2 org.apache.wicket.RequestListenerInterface INFO: registered listener interface [RequestListenerInterface name=ILinkListener, method=public abstract void org.apache.wicket.markup.html.link.ILinkListener.onLinkClicked()]
2014-08-01 18:19:53,440 Thread-2 org.apache.wicket.RequestListenerInterface INFO: registered listener interface [RequestListenerInterface name=IOnChangeListener, method=public abstract void org.apache.wicket.markup.html.form.IOnChangeListener.onSelectionChanged()]
2014-08-01 18:19:53,441 Thread-2 org.apache.wicket.RequestListenerInterface INFO: registered listener interface [RequestListenerInterface name=IRedirectListener, method=public abstract void org.apache.wicket.IRedirectListener.onRedirect()]
2014-08-01 18:19:53,441 Thread-2 org.apache.wicket.RequestListenerInterface INFO: registered listener interface [RequestListenerInterface name=IResourceListener, method=public abstract void org.apache.wicket.IResourceListener.onResourceRequested()]
2014-08-01 18:19:53,441 Thread-2 org.apache.wicket.Application INFO: [org.apache.wicket.protocol.http.WicketFilter-65827638] init: Wicket extensions initializer
2014-08-01 18:19:53,514 Thread-1 com.datastax.driver.core.policies.DCAwareRoundRobinPolicy INFO: Using data-center name 'datacenter1' for DCAwareRoundRobinPolicy (if this is incorrect, please provide the correct datacenter name with DCAwareRoundRobinPolicy constructor)
2014-08-01 18:19:53,676 Thread-2 org.apache.wicket.protocol.http.WebApplication INFO: [org.apache.wicket.protocol.http.WicketFilter-65827638] Started Wicket version 6.15.0 in DEVELOPMENT mode
2014-08-01 18:19:53,740 Thread-2 org.eclipse.jetty.server.AbstractConnector INFO: Started SelectChannelConnector@0.0.0.0:8080
2014-08-01 18:19:57,788 qtp366397964-30 name.martingeisse.jetty.TimingFilter INFO: TimingFilter start
2014-08-01 18:19:58,164 qtp366397964-30 org.apache.wicket.MarkupContainer ERROR: Unable to find component with id 'impressumLink' in [Page class = name.martingeisse.hackathon.frontend.HelloWorldPage, id = 3988852, render count = 1]
	Expected: ':impressumLink'.
	Found with similar names: ''
2014-08-01 18:19:58,169 qtp366397964-30 RequestCycleExtra WARN: ********************************
2014-08-01 18:19:58,170 qtp366397964-30 RequestCycleExtra WARN: Handling the following exception
Unable to find component with id 'impressumLink' in [Page class = name.martingeisse.hackathon.frontend.HelloWorldPage, id = 3988852, render count = 1]
	Expected: ':impressumLink'.
	Found with similar names: ''
 MarkupStream: [markup = file:/Users/martin/git-repos/public/hackathon-2014-08-02/target/classes/name/martingeisse/hackathon/frontend/HelloWorldPage.html

<html>
<head>
<meta name="viewport" content="width=device-width, initial-scale=1.0, maximum-scale=1.0, user-scalable=no" />
</head>
<body>
<div class="container">
<div>
Hello world!
</div>
<div style="margin-top: 20px; margin-bottom: 10px; background-color: #f7f7f7; border-top: 1px solid #ddd; ">
(c) 2014 Martin Geisse | <a wicket:id="impressumLink">Impressum</a>
</div>
</div>
</body>
</html>
, index = 5, current =  '<a wicket:id="impressumLink">' (line 0, column 0)]
	at org.apache.wicket.markup.MarkupStream.throwMarkupException(MarkupStream.java:526)
	at org.apache.wicket.MarkupContainer.renderNext(MarkupContainer.java:1438)
	at org.apache.wicket.MarkupContainer.renderAll(MarkupContainer.java:1557)
	at org.apache.wicket.Page.onRender(Page.java:887)
	at org.apache.wicket.markup.html.WebPage.onRender(WebPage.java:142)
	at org.apache.wicket.Component.internalRender(Component.java:2393)
	at org.apache.wicket.Component.render(Component.java:2321)
	at org.apache.wicket.Page.renderPage(Page.java:1024)
	at org.apache.wicket.request.handler.render.WebPageRenderer.renderPage(WebPageRenderer.java:122)
	at org.apache.wicket.request.handler.render.WebPageRenderer.respond(WebPageRenderer.java:276)
	at org.apache.wicket.core.request.handler.RenderPageRequestHandler.respond(RenderPageRequestHandler.java:175)
	at org.apache.wicket.request.cycle.RequestCycle$HandlerExecutor.respond(RequestCycle.java:862)
	at org.apache.wicket.request.RequestHandlerStack.execute(RequestHandlerStack.java:64)
	at org.apache.wicket.request.cycle.RequestCycle.execute(RequestCycle.java:261)
	at org.apache.wicket.request.cycle.RequestCycle.processRequest(RequestCycle.java:218)
	at org.apache.wicket.request.cycle.RequestCycle.processRequestAndDetach(RequestCycle.java:289)
	at org.apache.wicket.protocol.http.WicketFilter.processRequestCycle(WicketFilter.java:259)
	at org.apache.wicket.protocol.http.WicketFilter.processRequest(WicketFilter.java:201)
	at org.apache.wicket.protocol.http.WicketFilter.doFilter(WicketFilter.java:282)
	at org.eclipse.jetty.servlet.ServletHandler$CachedChain.doFilter(ServletHandler.java:1467)
	at name.martingeisse.jetty.NoFlushOrCloseFilter.doFilter(NoFlushOrCloseFilter.java:41)
	at org.eclipse.jetty.servlet.ServletHandler$CachedChain.doFilter(ServletHandler.java:1467)
	at name.martingeisse.database.EntityConnectionServletFilter.doFilter(EntityConnectionServletFilter.java:38)
	at org.eclipse.jetty.servlet.ServletHandler$CachedChain.doFilter(ServletHandler.java:1467)
	at org.eclipse.jetty.servlets.UserAgentFilter.doFilter(UserAgentFilter.java:82)
	at org.eclipse.jetty.servlets.GzipFilter.doFilter(GzipFilter.java:294)
	at org.eclipse.jetty.servlet.ServletHandler$CachedChain.doFilter(ServletHandler.java:1467)
	at name.martingeisse.jetty.FlushFilter.doFilter(FlushFilter.java:36)
	at org.eclipse.jetty.servlet.ServletHandler$CachedChain.doFilter(ServletHandler.java:1467)
	at name.martingeisse.jetty.TimingFilter.doFilter(TimingFilter.java:50)
	at org.eclipse.jetty.servlet.ServletHandler$CachedChain.doFilter(ServletHandler.java:1467)
	at org.eclipse.jetty.servlet.ServletHandler.doHandle(ServletHandler.java:501)
	at org.eclipse.jetty.server.session.SessionHandler.doHandle(SessionHandler.java:229)
	at org.eclipse.jetty.server.handler.ContextHandler.doHandle(ContextHandler.java:1086)
	at org.eclipse.jetty.servlet.ServletHandler.doScope(ServletHandler.java:429)
	at org.eclipse.jetty.server.session.SessionHandler.doScope(SessionHandler.java:193)
	at org.eclipse.jetty.server.handler.ContextHandler.doScope(ContextHandler.java:1020)
	at org.eclipse.jetty.server.handler.ScopedHandler.handle(ScopedHandler.java:135)
	at org.eclipse.jetty.server.handler.HandlerWrapper.handle(HandlerWrapper.java:116)
	at org.eclipse.jetty.server.Server.handle(Server.java:370)
	at org.eclipse.jetty.server.AbstractHttpConnection.handleRequest(AbstractHttpConnection.java:494)
	at org.eclipse.jetty.server.AbstractHttpConnection.headerComplete(AbstractHttpConnection.java:971)
	at org.eclipse.jetty.server.AbstractHttpConnection$RequestHandler.headerComplete(AbstractHttpConnection.java:1033)
	at org.eclipse.jetty.http.HttpParser.parseNext(HttpParser.java:644)
	at org.eclipse.jetty.http.HttpParser.parseAvailable(HttpParser.java:235)
	at org.eclipse.jetty.server.AsyncHttpConnection.handle(AsyncHttpConnection.java:82)
	at org.eclipse.jetty.io.nio.SelectChannelEndPoint.handle(SelectChannelEndPoint.java:696)
	at org.eclipse.jetty.io.nio.SelectChannelEndPoint$1.run(SelectChannelEndPoint.java:53)
	at org.eclipse.jetty.util.thread.QueuedThreadPool.runJob(QueuedThreadPool.java:608)
	at org.eclipse.jetty.util.thread.QueuedThreadPool$3.run(QueuedThreadPool.java:543)
	at java.lang.Thread.run(Thread.java:744)
2014-08-01 18:19:58,188 qtp366397964-30 RequestCycleExtra WARN: ********************************
2014-08-01 18:19:58,191 qtp366397964-30 org.apache.wicket.DefaultExceptionMapper ERROR: Unexpected error occurred
Unable to find component with id 'impressumLink' in [Page class = name.martingeisse.hackathon.frontend.HelloWorldPage, id = 3988852, render count = 1]
	Expected: ':impressumLink'.
	Found with similar names: ''
 MarkupStream: [markup = file:/Users/martin/git-repos/public/hackathon-2014-08-02/target/classes/name/martingeisse/hackathon/frontend/HelloWorldPage.html

<html>
<head>
<meta name="viewport" content="width=device-width, initial-scale=1.0, maximum-scale=1.0, user-scalable=no" />
</head>
<body>
<div class="container">
<div>
Hello world!
</div>
<div style="margin-top: 20px; margin-bottom: 10px; background-color: #f7f7f7; border-top: 1px solid #ddd; ">
(c) 2014 Martin Geisse | <a wicket:id="impressumLink">Impressum</a>
</div>
</div>
</body>
</html>
, index = 5, current =  '<a wicket:id="impressumLink">' (line 0, column 0)]
	at org.apache.wicket.markup.MarkupStream.throwMarkupException(MarkupStream.java:526)
	at org.apache.wicket.MarkupContainer.renderNext(MarkupContainer.java:1438)
	at org.apache.wicket.MarkupContainer.renderAll(MarkupContainer.java:1557)
	at org.apache.wicket.Page.onRender(Page.java:887)
	at org.apache.wicket.markup.html.WebPage.onRender(WebPage.java:142)
	at org.apache.wicket.Component.internalRender(Component.java:2393)
	at org.apache.wicket.Component.render(Component.java:2321)
	at org.apache.wicket.Page.renderPage(Page.java:1024)
	at org.apache.wicket.request.handler.render.WebPageRenderer.renderPage(WebPageRenderer.java:122)
	at org.apache.wicket.request.handler.render.WebPageRenderer.respond(WebPageRenderer.java:276)
	at org.apache.wicket.core.request.handler.RenderPageRequestHandler.respond(RenderPageRequestHandler.java:175)
	at org.apache.wicket.request.cycle.RequestCycle$HandlerExecutor.respond(RequestCycle.java:862)
	at org.apache.wicket.request.RequestHandlerStack.execute(RequestHandlerStack.java:64)
	at org.apache.wicket.request.cycle.RequestCycle.execute(RequestCycle.java:261)
	at org.apache.wicket.request.cycle.RequestCycle.processRequest(RequestCycle.java:218)
	at org.apache.wicket.request.cycle.RequestCycle.processRequestAndDetach(RequestCycle.java:289)
	at org.apache.wicket.protocol.http.WicketFilter.processRequestCycle(WicketFilter.java:259)
	at org.apache.wicket.protocol.http.WicketFilter.processRequest(WicketFilter.java:201)
	at org.apache.wicket.protocol.http.WicketFilter.doFilter(WicketFilter.java:282)
	at org.eclipse.jetty.servlet.ServletHandler$CachedChain.doFilter(ServletHandler.java:1467)
	at name.martingeisse.jetty.NoFlushOrCloseFilter.doFilter(NoFlushOrCloseFilter.java:41)
	at org.eclipse.jetty.servlet.ServletHandler$CachedChain.doFilter(ServletHandler.java:1467)
	at name.martingeisse.database.EntityConnectionServletFilter.doFilter(EntityConnectionServletFilter.java:38)
	at org.eclipse.jetty.servlet.ServletHandler$CachedChain.doFilter(ServletHandler.java:1467)
	at org.eclipse.jetty.servlets.UserAgentFilter.doFilter(UserAgentFilter.java:82)
	at org.eclipse.jetty.servlets.GzipFilter.doFilter(GzipFilter.java:294)
	at org.eclipse.jetty.servlet.ServletHandler$CachedChain.doFilter(ServletHandler.java:1467)
	at name.martingeisse.jetty.FlushFilter.doFilter(FlushFilter.java:36)
	at org.eclipse.jetty.servlet.ServletHandler$CachedChain.doFilter(ServletHandler.java:1467)
	at name.martingeisse.jetty.TimingFilter.doFilter(TimingFilter.java:50)
	at org.eclipse.jetty.servlet.ServletHandler$CachedChain.doFilter(ServletHandler.java:1467)
	at org.eclipse.jetty.servlet.ServletHandler.doHandle(ServletHandler.java:501)
	at org.eclipse.jetty.server.session.SessionHandler.doHandle(SessionHandler.java:229)
	at org.eclipse.jetty.server.handler.ContextHandler.doHandle(ContextHandler.java:1086)
	at org.eclipse.jetty.servlet.ServletHandler.doScope(ServletHandler.java:429)
	at org.eclipse.jetty.server.session.SessionHandler.doScope(SessionHandler.java:193)
	at org.eclipse.jetty.server.handler.ContextHandler.doScope(ContextHandler.java:1020)
	at org.eclipse.jetty.server.handler.ScopedHandler.handle(ScopedHandler.java:135)
	at org.eclipse.jetty.server.handler.HandlerWrapper.handle(HandlerWrapper.java:116)
	at org.eclipse.jetty.server.Server.handle(Server.java:370)
	at org.eclipse.jetty.server.AbstractHttpConnection.handleRequest(AbstractHttpConnection.java:494)
	at org.eclipse.jetty.server.AbstractHttpConnection.headerComplete(AbstractHttpConnection.java:971)
	at org.eclipse.jetty.server.AbstractHttpConnection$RequestHandler.headerComplete(AbstractHttpConnection.java:1033)
	at org.eclipse.jetty.http.HttpParser.parseNext(HttpParser.java:644)
	at org.eclipse.jetty.http.HttpParser.parseAvailable(HttpParser.java:235)
	at org.eclipse.jetty.server.AsyncHttpConnection.handle(AsyncHttpConnection.java:82)
	at org.eclipse.jetty.io.nio.SelectChannelEndPoint.handle(SelectChannelEndPoint.java:696)
	at org.eclipse.jetty.io.nio.SelectChannelEndPoint$1.run(SelectChannelEndPoint.java:53)
	at org.eclipse.jetty.util.thread.QueuedThreadPool.runJob(QueuedThreadPool.java:608)
	at org.eclipse.jetty.util.thread.QueuedThreadPool$3.run(QueuedThreadPool.java:543)
	at java.lang.Thread.run(Thread.java:744)
2014-08-01 18:19:58,445 qtp366397964-30 name.martingeisse.jetty.TimingFilter INFO: TimingFilter end, time = 657
2014-08-01 18:19:58,676 qtp366397964-33 name.martingeisse.jetty.TimingFilter INFO: TimingFilter start
2014-08-01 18:19:58,708 qtp366397964-33 name.martingeisse.jetty.TimingFilter INFO: TimingFilter end, time = 32
2014-08-01 18:20:37,586 main name.martingeisse.hackathon.Main INFO: ----- starting frontend with config file: test.properties -----
2014-08-01 18:20:37,715 Thread-1 com.datastax.driver.core.FrameCompressor WARN: Cannot find Snappy class, you should make sure the Snappy library is in the classpath if you intend to use it. Snappy compression will not be available for the protocol.
2014-08-01 18:20:37,718 Thread-1 com.datastax.driver.core.FrameCompressor WARN: Cannot find LZ4 class, you should make sure the LZ4 library is in the classpath if you intend to use it. LZ4 compression will not be available for the protocol.
2014-08-01 18:20:38,188 Thread-2 org.eclipse.jetty.server.Server INFO: jetty-8.1.15.v20140411
2014-08-01 18:20:39,186 Thread-2 org.apache.wicket.Application INFO: [org.apache.wicket.protocol.http.WicketFilter-a470f4f] init: Wicket core library initializer
2014-08-01 18:20:39,193 Thread-2 org.apache.wicket.RequestListenerInterface INFO: registered listener interface [RequestListenerInterface name=IBehaviorListener, method=public abstract void org.apache.wicket.behavior.IBehaviorListener.onRequest()]
2014-08-01 18:20:39,194 Thread-2 org.apache.wicket.RequestListenerInterface INFO: registered listener interface [RequestListenerInterface name=IFormSubmitListener, method=public abstract void org.apache.wicket.markup.html.form.IFormSubmitListener.onFormSubmitted()]
2014-08-01 18:20:39,195 Thread-2 org.apache.wicket.RequestListenerInterface INFO: registered listener interface [RequestListenerInterface name=ILinkListener, method=public abstract void org.apache.wicket.markup.html.link.ILinkListener.onLinkClicked()]
2014-08-01 18:20:39,198 Thread-2 org.apache.wicket.RequestListenerInterface INFO: registered listener interface [RequestListenerInterface name=IOnChangeListener, method=public abstract void org.apache.wicket.markup.html.form.IOnChangeListener.onSelectionChanged()]
2014-08-01 18:20:39,198 Thread-2 org.apache.wicket.RequestListenerInterface INFO: registered listener interface [RequestListenerInterface name=IRedirectListener, method=public abstract void org.apache.wicket.IRedirectListener.onRedirect()]
2014-08-01 18:20:39,199 Thread-2 org.apache.wicket.RequestListenerInterface INFO: registered listener interface [RequestListenerInterface name=IResourceListener, method=public abstract void org.apache.wicket.IResourceListener.onResourceRequested()]
2014-08-01 18:20:39,200 Thread-2 org.apache.wicket.Application INFO: [org.apache.wicket.protocol.http.WicketFilter-a470f4f] init: Wicket extensions initializer
2014-08-01 18:20:39,307 Thread-2 org.apache.wicket.protocol.http.WebApplication INFO: [org.apache.wicket.protocol.http.WicketFilter-a470f4f] Started Wicket version 6.15.0 in DEVELOPMENT mode
2014-08-01 18:20:39,342 Thread-2 org.eclipse.jetty.server.AbstractConnector INFO: Started SelectChannelConnector@0.0.0.0:8080
2014-08-01 18:20:39,357 Thread-1 com.datastax.driver.core.policies.DCAwareRoundRobinPolicy INFO: Using data-center name 'datacenter1' for DCAwareRoundRobinPolicy (if this is incorrect, please provide the correct datacenter name with DCAwareRoundRobinPolicy constructor)
2014-08-01 18:20:40,479 qtp1430330559-30 name.martingeisse.jetty.TimingFilter INFO: TimingFilter start
2014-08-01 18:20:40,875 qtp1430330559-30 name.martingeisse.jetty.TimingFilter INFO: TimingFilter end, time = 396
2014-08-01 18:20:40,888 qtp1430330559-31 name.martingeisse.jetty.TimingFilter INFO: TimingFilter start
2014-08-01 18:20:40,924 qtp1430330559-30 name.martingeisse.jetty.TimingFilter INFO: TimingFilter start
2014-08-01 18:20:40,939 qtp1430330559-31 name.martingeisse.jetty.TimingFilter INFO: TimingFilter end, time = 51
2014-08-01 18:20:40,951 qtp1430330559-30 name.martingeisse.jetty.TimingFilter INFO: TimingFilter end, time = 26
2014-08-01 18:23:57,789 ModificationWatcher-Task org.apache.wicket.core.util.resource.UrlResourceStream WARN: getLastModified for file:/Users/martin/git-repos/public/hackathon-2014-08-02/target/classes/name/martingeisse/hackathon/frontend/HelloWorldPage.html failed: /Users/martin/git-repos/public/hackathon-2014-08-02/target/classes/name/martingeisse/hackathon/frontend/HelloWorldPage.html (No such file or directory)
