#
# A fatal error has been detected by the Java Runtime Environment:
#
#  SIGSEGV (0xb) at pc=0x000000010633bf8e, pid=2503, tid=4867
#
# JRE version: Java(TM) SE Runtime Environment (7.0_45-b18) (build 1.7.0_45-b18)
# Java VM: Java HotSpot(TM) 64-Bit Server VM (24.45-b08 mixed mode bsd-amd64 compressed oops)
# Problematic frame:
# V  [libjvm.dylib+0x2fbf8e]  jni_IsInstanceOf+0x62
#
# Failed to write core dump. Core dumps have been disabled. To enable core dumping, try "ulimit -c unlimited" before starting Java again
#
# If you would like to submit a bug report, please visit:
#   http://bugreport.sun.com/bugreport/crash.jsp
#

---------------  T H R E A D  ---------------

Current thread (0x00007f8db8811800):  JavaThread "main" [_thread_in_vm, id=4867, stack(0x0000000106a94000,0x0000000106b94000)]

siginfo:si_signo=SIGSEGV: si_errno=0, si_code=1 (SEGV_MAPERR), si_addr=0x0000000100000001

Registers:
RAX=0x00000007bb03c018, RBX=0x00007f8db8518460, RCX=0x0000000106842c90, RDX=0x00000001067b05c0
RSP=0x0000000106b93560, RBP=0x0000000106b93580, RSI=0x0000000100000001, RDI=0x00000007eaaea210
R8 =0x0000000000000320, R9 =0x0000000000000258, R10=0x00007f8db852a6f0, R11=0x00007fff7c14ddb8
R12=0x00007f8db88119e8, R13=0x0000000000000000, R14=0x0000000100000001, R15=0x00007f8db88119e8
RIP=0x000000010633bf8e, EFLAGS=0x0000000000010202, ERR=0x0000000000000004
  TRAPNO=0x000000000000000e

Top of Stack: (sp=0x0000000106b93560)
0x0000000106b93560:   00007f8db8811800 0000000100000001
0x0000000106b93570:   00007f8db88119e8 00007f8db8811800
0x0000000106b93580:   0000000106b935b0 0000000106349288
0x0000000106b93590:   0000000106b935b0 0000000000000000
0x0000000106b935a0:   0000000000000000 0000000000000000
0x0000000106b935b0:   0000000106b93610 0000000112a5537b
0x0000000106b935c0:   0000000106b93600 0000032000000258
0x0000000106b935d0:   000001b8000000e1 0000000106b93750
0x0000000106b935e0:   00007f8db8811800 00000007bb1f1ed8
0x0000000106b935f0:   0000000000000000 00000007bb1f1ed0
0x0000000106b93600:   0000000106b93750 00007f8db8811800
0x0000000106b93610:   0000000106b936d0 0000000107012738
0x0000000106b93620:   0000000100000000 0000000100000000
0x0000000106b93630:   0000000700000000 0000000100000000
0x0000000106b93640:   0000000100000001 0000000000000000
0x0000000106b93650:   0000000106b936f8 0000000000000000
0x0000000106b93660:   0000000106b93678 0000000106b936c0
0x0000000106b93670:   0000000107006350 00000007eaaaa648
0x0000000106b93680:   0000000106b93680 00000007bb130a76
0x0000000106b93690:   0000000106b93690 00000007bb1f1ed0
0x0000000106b936a0:   0000000106b93750 00000007bb21c248
0x0000000106b936b0:   0000000000000000 00000007bb1f1ed8
0x0000000106b936c0:   0000000000000000 0000000106b936f0
0x0000000106b936d0:   0000000106b937a0 0000000107006233
0x0000000106b936e0:   0000000000000000 000000010700ecdb
0x0000000106b936f0:   0000000000000000 00000007eae1e968
0x0000000106b93700:   0000000000000000 0000000000000001
0x0000000106b93710:   0000000000000000 0000000000000000
0x0000000106b93720:   0000000000000000 0000000000000000
0x0000000106b93730:   0000000000000258 0000000000000320
0x0000000106b93740:   00000000000000e1 00000000000001b8
0x0000000106b93750:   00000007eadf3080 00000007eadf3080 

Instructions: (pc=0x000000010633bf8e)
0x000000010633bf6e:   04 b0 01 eb 4a 48 8b 3b e8 93 cc fd ff 48 85 c0
0x000000010633bf7e:   75 04 30 c0 eb 39 48 8d 0d 05 6d 50 00 80 39 00
0x000000010633bf8e:   49 8b 16 74 15 48 8d 35 26 46 47 00 8a 4e 08 8b
0x000000010633bf9e:   7a 08 48 d3 e7 48 03 3e eb 04 48 8b 7a 08 48 83 

Register to memory mapping:

RAX=0x00000007bb03c018 is an oop
{instance class} 
 - klass: {other class}
RBX=0x00007f8db8518460 is a global jni handle
RCX=0x0000000106842c90: UseCompressedOops+0 in /Library/Java/JavaVirtualMachines/jdk1.7.0_45.jdk/Contents/Home/jre/lib/server/libjvm.dylib at 0x0000000106040000
RDX=0x00000001067b05c0: _ZN8Universe11_narrow_oopE+0 in /Library/Java/JavaVirtualMachines/jdk1.7.0_45.jdk/Contents/Home/jre/lib/server/libjvm.dylib at 0x0000000106040000
RSP=0x0000000106b93560 is pointing into the stack for thread: 0x00007f8db8811800
RBP=0x0000000106b93580 is pointing into the stack for thread: 0x00007f8db8811800
RSI=0x0000000100000001 is an unknown value
RDI=0x00000007eaaea210 is an oop
java.lang.Class 
 - klass: 'java/lang/Class'
R8 =0x0000000000000320 is an unknown value
R9 =0x0000000000000258 is an unknown value
R10=0x00007f8db852a6f0 is an unknown value
R11=0x00007fff7c14ddb8: OBJC_CLASS_$_NSAutoreleasePool+0 in /System/Library/Frameworks/Foundation.framework/Versions/C/Foundation at 0x00007fff94b5c000
R12=0x00007f8db88119e8 is an unknown value
R13=0x0000000000000000 is an unknown value
R14=0x0000000100000001 is an unknown value
R15=0x00007f8db88119e8 is an unknown value


Stack: [0x0000000106a94000,0x0000000106b94000],  sp=0x0000000106b93560,  free space=1021k
Native frames: (J=compiled Java code, j=interpreted, Vv=VM code, C=native code)
V  [libjvm.dylib+0x2fbf8e]  jni_IsInstanceOf+0x62
V  [libjvm.dylib+0x309288]  jni_GetDirectBufferAddress+0x60
C  [liblwjgl.jnilib+0xb37b]  Java_org_lwjgl_opengl_MacOSXDisplay_nCreateWindow+0x8b
j  org.lwjgl.opengl.MacOSXDisplay.nCreateWindow(IIIIZZZZZZLjava/nio/ByteBuffer;Ljava/nio/ByteBuffer;)Ljava/nio/ByteBuffer;+0
j  org.lwjgl.opengl.MacOSXDisplay.createWindow(Lorg/lwjgl/opengl/DrawableLWJGL;Lorg/lwjgl/opengl/DisplayMode;Ljava/awt/Canvas;II)V+191
j  org.lwjgl.opengl.Display.createWindow()V+71
j  org.lwjgl.opengl.Display.create(Lorg/lwjgl/opengl/PixelFormat;Lorg/lwjgl/opengl/Drawable;Lorg/lwjgl/opengl/ContextAttribs;)V+72
j  org.lwjgl.opengl.Display.create(Lorg/lwjgl/opengl/PixelFormat;)V+12
j  name.martingeisse.miner.Main.main([Ljava/lang/String;)V+326
v  ~StubRoutines::call_stub
V  [libjvm.dylib+0x2d6d90]  JavaCalls::call_helper(JavaValue*, methodHandle*, JavaCallArguments*, Thread*)+0x22a
V  [libjvm.dylib+0x2d6b60]  JavaCalls::call(JavaValue*, methodHandle, JavaCallArguments*, Thread*)+0x28
V  [libjvm.dylib+0x30a304]  jni_invoke_static(JNIEnv_*, JavaValue*, _jobject*, JNICallType, _jmethodID*, JNI_ArgumentPusher*, Thread*)+0xe6
V  [libjvm.dylib+0x30349f]  jni_CallStaticVoidMethod+0x10b
C  [java+0x30fe]  JavaMain+0x91d
C  [libsystem_pthread.dylib+0x1899]  _pthread_body+0x8a
C  [libsystem_pthread.dylib+0x172a]  _pthread_struct_init+0x0
C  [libsystem_pthread.dylib+0x5fc9]  thread_start+0xd

Java frames: (J=compiled Java code, j=interpreted, Vv=VM code)
j  org.lwjgl.opengl.MacOSXDisplay.nCreateWindow(IIIIZZZZZZLjava/nio/ByteBuffer;Ljava/nio/ByteBuffer;)Ljava/nio/ByteBuffer;+0
j  org.lwjgl.opengl.MacOSXDisplay.createWindow(Lorg/lwjgl/opengl/DrawableLWJGL;Lorg/lwjgl/opengl/DisplayMode;Ljava/awt/Canvas;II)V+191
j  org.lwjgl.opengl.Display.createWindow()V+71
j  org.lwjgl.opengl.Display.create(Lorg/lwjgl/opengl/PixelFormat;Lorg/lwjgl/opengl/Drawable;Lorg/lwjgl/opengl/ContextAttribs;)V+72
j  org.lwjgl.opengl.Display.create(Lorg/lwjgl/opengl/PixelFormat;)V+12
j  name.martingeisse.miner.Main.main([Ljava/lang/String;)V+326
v  ~StubRoutines::call_stub

---------------  P R O C E S S  ---------------

Java Threads: ( => current thread )
  0x00007f8db91b7800 JavaThread "AWT-Shutdown" [_thread_blocked, id=25875, stack(0x000000010fbe8000,0x000000010fce8000)]
  0x00007f8db8920000 JavaThread "AppKit Thread" daemon [_thread_in_native, id=1287, stack(0x00007fff59c3e000,0x00007fff59cbe000)]
  0x00007f8db902f800 JavaThread "Service Thread" daemon [_thread_blocked, id=18435, stack(0x000000010df0f000,0x000000010e00f000)]
  0x00007f8db902f000 JavaThread "C2 CompilerThread1" daemon [_thread_blocked, id=17923, stack(0x000000010de0c000,0x000000010df0c000)]
  0x00007f8db9011800 JavaThread "C2 CompilerThread0" daemon [_thread_blocked, id=17411, stack(0x000000010dd09000,0x000000010de09000)]
  0x00007f8db9014000 JavaThread "Signal Dispatcher" daemon [_thread_blocked, id=16899, stack(0x000000010dc06000,0x000000010dd06000)]
  0x00007f8db900f800 JavaThread "Finalizer" daemon [_thread_blocked, id=12035, stack(0x000000010d9ba000,0x000000010daba000)]
  0x00007f8db9007000 JavaThread "Reference Handler" daemon [_thread_blocked, id=11523, stack(0x000000010d8b7000,0x000000010d9b7000)]
=>0x00007f8db8811800 JavaThread "main" [_thread_in_vm, id=4867, stack(0x0000000106a94000,0x0000000106b94000)]

Other Threads:
  0x00007f8db9006800 VMThread [stack: 0x000000010d7b4000,0x000000010d8b4000] [id=11011]
  0x00007f8db9012800 WatcherThread [stack: 0x000000010e012000,0x000000010e112000] [id=18947]

VM state:not at safepoint (normal execution)

VM Mutex/Monitor currently owned by a thread: None

Heap
 PSYoungGen      total 19456K, used 4095K [0x00000007eaa80000, 0x00000007ec000000, 0x0000000800000000)
  eden space 16896K, 24% used [0x00000007eaa80000,0x00000007eae7fca0,0x00000007ebb00000)
  from space 2560K, 0% used [0x00000007ebd80000,0x00000007ebd80000,0x00000007ec000000)
  to   space 2560K, 0% used [0x00000007ebb00000,0x00000007ebb00000,0x00000007ebd80000)
 ParOldGen       total 43520K, used 0K [0x00000007c0000000, 0x00000007c2a80000, 0x00000007eaa80000)
  object space 43520K, 0% used [0x00000007c0000000,0x00000007c0000000,0x00000007c2a80000)
 PSPermGen       total 21504K, used 4330K [0x00000007bae00000, 0x00000007bc300000, 0x00000007c0000000)
  object space 21504K, 20% used [0x00000007bae00000,0x00000007bb23ab50,0x00000007bc300000)

Card table byte_map: [0x000000010a0c0000,0x000000010a2ea000] byte_map_base: 0x00000001062e9000

Polling page: 0x0000000106bd3000

Code Cache  [0x0000000107000000, 0x0000000107270000, 0x000000010a000000)
 total_blobs=219 nmethods=13 adapters=161 free_code_cache=48733Kb largest_free_block=49890368

Compilation events (10 events):
Event: 0.207 Thread 0x00007f8db902f000    8             java.io.UnixFileSystem::normalize (75 bytes)
Event: 0.211 Thread 0x00007f8db902f000 nmethod 8 0x0000000107062790 code [0x0000000107062900, 0x0000000107062b58]
Event: 0.215 Thread 0x00007f8db9011800    9             java.lang.String::lastIndexOf (52 bytes)
Event: 0.217 Thread 0x00007f8db9011800 nmethod 9 0x00000001070623d0 code [0x0000000107062520, 0x00000001070626a8]
Event: 0.298 Thread 0x00007f8db902f000   10             java.lang.String::startsWith (72 bytes)
Event: 0.301 Thread 0x00007f8db902f000 nmethod 10 0x0000000107067690 code [0x00000001070677e0, 0x00000001070679d8]
Event: 0.304 Thread 0x00007f8db9011800   11             sun.net.www.ParseUtil::encodePath (336 bytes)
Event: 0.330 Thread 0x00007f8db9011800 nmethod 11 0x0000000107065950 code [0x0000000107065ba0, 0x0000000107066bf8]
Event: 2.308 Thread 0x00007f8db902f000   13             java.lang.Object::<init> (1 bytes)
Event: 2.309 Thread 0x00007f8db902f000 nmethod 13 0x0000000107060c10 code [0x0000000107060d40, 0x0000000107060dd8]

GC Heap History (0 events):
No events

Deoptimization events (0 events):
No events

Internal exceptions (10 events):
Event: 2.308 Thread 0x00007f8db8811800 Threw 0x00000007eadd7d98 at /HUDSON/workspace/7u-2-build-macosx-x86_64/jdk7u45/229/hotspot/src/share/vm/prims/jvm.cpp:1244
Event: 2.309 Thread 0x00007f8db8811800 Threw 0x00000007eade03a0 at /HUDSON/workspace/7u-2-build-macosx-x86_64/jdk7u45/229/hotspot/src/share/vm/prims/jvm.cpp:1244
Event: 2.310 Thread 0x00007f8db8811800 Threw 0x00000007eade8a10 at /HUDSON/workspace/7u-2-build-macosx-x86_64/jdk7u45/229/hotspot/src/share/vm/prims/jvm.cpp:1244
Event: 2.312 Thread 0x00007f8db8811800 Threw 0x00000007eadf3910 at /HUDSON/workspace/7u-2-build-macosx-x86_64/jdk7u45/229/hotspot/src/share/vm/prims/jvm.cpp:1244
Event: 2.313 Thread 0x00007f8db8811800 Threw 0x00000007eadfbf58 at /HUDSON/workspace/7u-2-build-macosx-x86_64/jdk7u45/229/hotspot/src/share/vm/prims/jvm.cpp:1244
Event: 2.315 Thread 0x00007f8db8811800 Threw 0x00000007eae051d8 at /HUDSON/workspace/7u-2-build-macosx-x86_64/jdk7u45/229/hotspot/src/share/vm/prims/jvm.cpp:1244
Event: 2.317 Thread 0x00007f8db8811800 Threw 0x00000007eae0ff48 at /HUDSON/workspace/7u-2-build-macosx-x86_64/jdk7u45/229/hotspot/src/share/vm/prims/jvm.cpp:1244
Event: 2.318 Thread 0x00007f8db8811800 Threw 0x00000007eae17880 at /HUDSON/workspace/7u-2-build-macosx-x86_64/jdk7u45/229/hotspot/src/share/vm/prims/jvm.cpp:1244
Event: 2.330 Thread 0x00007f8db8811800 Threw 0x00000007eae1f230 at /HUDSON/workspace/7u-2-build-macosx-x86_64/jdk7u45/229/hotspot/src/share/vm/prims/jvm.cpp:1244
Event: 2.331 Thread 0x00007f8db8811800 Threw 0x00000007eae28420 at /HUDSON/workspace/7u-2-build-macosx-x86_64/jdk7u45/229/hotspot/src/share/vm/prims/jvm.cpp:1244

Events (10 events):
Event: 2.318 loading class 0x00007f8db909b2d0
Event: 2.318 loading class 0x00007f8db909b2d0 done
Event: 2.318 loading class 0x00007f8db842e620
Event: 2.318 loading class 0x00007f8db842e620 done
Event: 2.319 loading class 0x00007f8db90de2e0
Event: 2.320 loading class 0x00007f8db90de2e0 done
Event: 2.330 loading class 0x00007f8db848b770
Event: 2.330 loading class 0x00007f8db848b770 done
Event: 2.331 loading class 0x00007f8db842e830
Event: 2.331 loading class 0x00007f8db842e830 done


Dynamic libraries:
0x000000000a936000 	/System/Library/Frameworks/Cocoa.framework/Versions/A/Cocoa
0x000000000a936000 	/System/Library/Frameworks/Security.framework/Versions/A/Security
0x000000000a936000 	/System/Library/Frameworks/ApplicationServices.framework/Versions/A/ApplicationServices
0x000000000a936000 	/usr/lib/libz.1.dylib
0x000000000a936000 	/usr/lib/libSystem.B.dylib
0x000000000a936000 	/usr/lib/libobjc.A.dylib
0x000000000a936000 	/System/Library/Frameworks/CoreFoundation.framework/Versions/A/CoreFoundation
0x000000000a936000 	/System/Library/Frameworks/Foundation.framework/Versions/C/Foundation
0x000000000a936000 	/System/Library/Frameworks/AppKit.framework/Versions/C/AppKit
0x000000000a936000 	/System/Library/Frameworks/CoreData.framework/Versions/A/CoreData
0x000000000a936000 	/System/Library/PrivateFrameworks/RemoteViewServices.framework/Versions/A/RemoteViewServices
0x000000000a936000 	/System/Library/Frameworks/AudioToolbox.framework/Versions/A/AudioToolbox
0x000000000a936000 	/System/Library/Frameworks/AudioUnit.framework/Versions/A/AudioUnit
0x000000000a936000 	/System/Library/PrivateFrameworks/DataDetectorsCore.framework/Versions/A/DataDetectorsCore
0x000000000a936000 	/System/Library/PrivateFrameworks/DesktopServicesPriv.framework/Versions/A/DesktopServicesPriv
0x000000000a936000 	/System/Library/Frameworks/Carbon.framework/Versions/A/Frameworks/HIToolbox.framework/Versions/A/HIToolbox
0x000000000a936000 	/System/Library/Frameworks/QuartzCore.framework/Versions/A/QuartzCore
0x000000000a936000 	/System/Library/Frameworks/Carbon.framework/Versions/A/Frameworks/SpeechRecognition.framework/Versions/A/SpeechRecognition
0x000000000a936000 	/usr/lib/libauto.dylib
0x000000000a936000 	/usr/lib/libicucore.A.dylib
0x000000000a936000 	/usr/lib/libxml2.2.dylib
0x000000000a936000 	/System/Library/PrivateFrameworks/CoreUI.framework/Versions/A/CoreUI
0x000000000a936000 	/System/Library/Frameworks/CoreAudio.framework/Versions/A/CoreAudio
0x000000000a936000 	/System/Library/Frameworks/DiskArbitration.framework/Versions/A/DiskArbitration
0x000000000a936000 	/usr/lib/liblangid.dylib
0x000000000a936000 	/System/Library/PrivateFrameworks/MultitouchSupport.framework/Versions/A/MultitouchSupport
0x000000000a936000 	/System/Library/Frameworks/IOKit.framework/Versions/A/IOKit
0x000000000a936000 	/usr/lib/libDiagnosticMessagesClient.dylib
0x000000000a936000 	/System/Library/Frameworks/CoreServices.framework/Versions/A/CoreServices
0x000000000a936000 	/System/Library/PrivateFrameworks/PerformanceAnalysis.framework/Versions/A/PerformanceAnalysis
0x000000000a936000 	/System/Library/PrivateFrameworks/GenerationalStorage.framework/Versions/A/GenerationalStorage
0x000000000a936000 	/System/Library/Frameworks/OpenGL.framework/Versions/A/OpenGL
0x000000000a936000 	/System/Library/PrivateFrameworks/Sharing.framework/Versions/A/Sharing
0x000000000a936000 	/System/Library/Frameworks/ImageIO.framework/Versions/A/ImageIO
0x000000000a936000 	/System/Library/Frameworks/CoreText.framework/Versions/A/CoreText
0x000000000a936000 	/System/Library/Frameworks/CoreGraphics.framework/Versions/A/CoreGraphics
0x000000000a936000 	/System/Library/PrivateFrameworks/Backup.framework/Versions/A/Backup
0x000000000a936000 	/System/Library/Frameworks/CFNetwork.framework/Versions/A/CFNetwork
0x000000000a936000 	/System/Library/Frameworks/SystemConfiguration.framework/Versions/A/SystemConfiguration
0x000000000a936000 	/usr/lib/libCRFSuite.dylib
0x000000000a936000 	/usr/lib/libc++.1.dylib
0x000000000a936000 	/usr/lib/libc++abi.dylib
0x000000000a936000 	/usr/lib/system/libcache.dylib
0x000000000a936000 	/usr/lib/system/libcommonCrypto.dylib
0x000000000a936000 	/usr/lib/system/libcompiler_rt.dylib
0x000000000a936000 	/usr/lib/system/libcopyfile.dylib
0x000000000a936000 	/usr/lib/system/libcorecrypto.dylib
0x000000000a936000 	/usr/lib/system/libdispatch.dylib
0x000000000a936000 	/usr/lib/system/libdyld.dylib
0x000000000a936000 	/usr/lib/system/libkeymgr.dylib
0x000000000a936000 	/usr/lib/system/liblaunch.dylib
0x000000000a936000 	/usr/lib/system/libmacho.dylib
0x000000000a936000 	/usr/lib/system/libquarantine.dylib
0x000000000a936000 	/usr/lib/system/libremovefile.dylib
0x000000000a936000 	/usr/lib/system/libsystem_asl.dylib
0x000000000a936000 	/usr/lib/system/libsystem_blocks.dylib
0x000000000a936000 	/usr/lib/system/libsystem_c.dylib
0x000000000a936000 	/usr/lib/system/libsystem_configuration.dylib
0x000000000a936000 	/usr/lib/system/libsystem_dnssd.dylib
0x000000000a936000 	/usr/lib/system/libsystem_info.dylib
0x000000000a936000 	/usr/lib/system/libsystem_kernel.dylib
0x000000000a936000 	/usr/lib/system/libsystem_m.dylib
0x000000000a936000 	/usr/lib/system/libsystem_malloc.dylib
0x000000000a936000 	/usr/lib/system/libsystem_network.dylib
0x000000000a936000 	/usr/lib/system/libsystem_notify.dylib
0x000000000a936000 	/usr/lib/system/libsystem_platform.dylib
0x000000000a936000 	/usr/lib/system/libsystem_pthread.dylib
0x000000000a936000 	/usr/lib/system/libsystem_sandbox.dylib
0x000000000a936000 	/usr/lib/system/libsystem_stats.dylib
0x000000000a936000 	/usr/lib/system/libunc.dylib
0x000000000a936000 	/usr/lib/system/libunwind.dylib
0x000000000a936000 	/usr/lib/system/libxpc.dylib
0x000000000a936000 	/usr/lib/libbsm.0.dylib
0x000000000a936000 	/usr/lib/libsqlite3.dylib
0x000000000a936000 	/usr/lib/libxar.1.dylib
0x000000000a936000 	/usr/lib/libpam.2.dylib
0x000000000a936000 	/usr/lib/libOpenScriptingUtil.dylib
0x000000000a936000 	/usr/lib/libbz2.1.0.dylib
0x000000000a936000 	/System/Library/Frameworks/CoreServices.framework/Versions/A/Frameworks/CarbonCore.framework/Versions/A/CarbonCore
0x000000000a936000 	/System/Library/Frameworks/CoreServices.framework/Versions/A/Frameworks/Metadata.framework/Versions/A/Metadata
0x000000000a936000 	/System/Library/Frameworks/CoreServices.framework/Versions/A/Frameworks/OSServices.framework/Versions/A/OSServices
0x000000000a936000 	/System/Library/Frameworks/CoreServices.framework/Versions/A/Frameworks/SearchKit.framework/Versions/A/SearchKit
0x000000000a936000 	/System/Library/Frameworks/CoreServices.framework/Versions/A/Frameworks/AE.framework/Versions/A/AE
0x000000000a936000 	/System/Library/Frameworks/CoreServices.framework/Versions/A/Frameworks/LaunchServices.framework/Versions/A/LaunchServices
0x000000000a936000 	/System/Library/Frameworks/CoreServices.framework/Versions/A/Frameworks/DictionaryServices.framework/Versions/A/DictionaryServices
0x000000000a936000 	/System/Library/Frameworks/NetFS.framework/Versions/A/NetFS
0x000000000a936000 	/usr/lib/system/libkxld.dylib
0x000000000a936000 	/System/Library/PrivateFrameworks/NetAuth.framework/Versions/A/NetAuth
0x000000000a936000 	/System/Library/PrivateFrameworks/TCC.framework/Versions/A/TCC
0x000000000a936000 	/System/Library/Frameworks/OpenDirectory.framework/Versions/A/Frameworks/CFOpenDirectory.framework/Versions/A/CFOpenDirectory
0x000000000a936000 	/System/Library/Frameworks/ServiceManagement.framework/Versions/A/ServiceManagement
0x000000000a936000 	/usr/lib/libxslt.1.dylib
0x000000000a936000 	/System/Library/Frameworks/Carbon.framework/Versions/A/Frameworks/Ink.framework/Versions/A/Ink
0x000000000a936000 	/System/Library/Frameworks/ApplicationServices.framework/Versions/A/Frameworks/ATS.framework/Versions/A/ATS
0x000000000a936000 	/System/Library/Frameworks/ApplicationServices.framework/Versions/A/Frameworks/ColorSync.framework/Versions/A/ColorSync
0x000000000a936000 	/System/Library/Frameworks/ApplicationServices.framework/Versions/A/Frameworks/HIServices.framework/Versions/A/HIServices
0x000000000a936000 	/System/Library/Frameworks/ApplicationServices.framework/Versions/A/Frameworks/LangAnalysis.framework/Versions/A/LangAnalysis
0x000000000a936000 	/System/Library/Frameworks/ApplicationServices.framework/Versions/A/Frameworks/PrintCore.framework/Versions/A/PrintCore
0x000000000a936000 	/System/Library/Frameworks/ApplicationServices.framework/Versions/A/Frameworks/QD.framework/Versions/A/QD
0x000000000a936000 	/System/Library/Frameworks/ApplicationServices.framework/Versions/A/Frameworks/SpeechSynthesis.framework/Versions/A/SpeechSynthesis
0x000000000a936000 	/System/Library/Frameworks/IOSurface.framework/Versions/A/IOSurface
0x000000000a936000 	/System/Library/Frameworks/Accelerate.framework/Versions/A/Accelerate
0x000000000a936000 	/System/Library/Frameworks/Accelerate.framework/Versions/A/Frameworks/vImage.framework/Versions/A/vImage
0x000000000a936000 	/System/Library/Frameworks/Accelerate.framework/Versions/A/Frameworks/vecLib.framework/Versions/A/vecLib
0x000000000a936000 	/System/Library/Frameworks/Accelerate.framework/Versions/A/Frameworks/vecLib.framework/Versions/A/libvDSP.dylib
0x000000000a936000 	/System/Library/Frameworks/Accelerate.framework/Versions/A/Frameworks/vecLib.framework/Versions/A/libvMisc.dylib
0x000000000a936000 	/System/Library/Frameworks/Accelerate.framework/Versions/A/Frameworks/vecLib.framework/Versions/A/libLAPACK.dylib
0x000000000a936000 	/System/Library/Frameworks/Accelerate.framework/Versions/A/Frameworks/vecLib.framework/Versions/A/libBLAS.dylib
0x000000000a936000 	/System/Library/Frameworks/ApplicationServices.framework/Versions/A/Frameworks/ATS.framework/Versions/A/Resources/libFontParser.dylib
0x000000000a936000 	/System/Library/Frameworks/ApplicationServices.framework/Versions/A/Frameworks/ATS.framework/Versions/A/Resources/libFontRegistry.dylib
0x000000000a936000 	/System/Library/Frameworks/ImageIO.framework/Versions/A/Resources/libJPEG.dylib
0x000000000a936000 	/System/Library/Frameworks/ImageIO.framework/Versions/A/Resources/libTIFF.dylib
0x000000000a936000 	/System/Library/Frameworks/ImageIO.framework/Versions/A/Resources/libPng.dylib
0x000000000a936000 	/System/Library/Frameworks/ImageIO.framework/Versions/A/Resources/libGIF.dylib
0x000000000a936000 	/System/Library/Frameworks/ImageIO.framework/Versions/A/Resources/libJP2.dylib
0x000000000a936000 	/System/Library/Frameworks/ImageIO.framework/Versions/A/Resources/libRadiance.dylib
0x000000000a936000 	/usr/lib/libcups.2.dylib
0x000000000a936000 	/System/Library/Frameworks/Kerberos.framework/Versions/A/Kerberos
0x000000000a936000 	/System/Library/Frameworks/GSS.framework/Versions/A/GSS
0x000000000a936000 	/usr/lib/libresolv.9.dylib
0x000000000a936000 	/usr/lib/libiconv.2.dylib
0x000000000a936000 	/System/Library/PrivateFrameworks/Heimdal.framework/Versions/A/Heimdal
0x000000000a936000 	/System/Library/PrivateFrameworks/TrustEvaluationAgent.framework/Versions/A/TrustEvaluationAgent
0x000000000a936000 	/usr/lib/libheimdal-asn1.dylib
0x000000000a936000 	/System/Library/Frameworks/OpenDirectory.framework/Versions/A/OpenDirectory
0x000000000a936000 	/System/Library/PrivateFrameworks/CommonAuth.framework/Versions/A/CommonAuth
0x000000000a936000 	/System/Library/Frameworks/SecurityFoundation.framework/Versions/A/SecurityFoundation
0x000000000a936000 	/System/Library/PrivateFrameworks/Bom.framework/Versions/A/Bom
0x000000000a936000 	/System/Library/Frameworks/CoreVideo.framework/Versions/A/CoreVideo
0x000000000a936000 	/System/Library/Frameworks/QuartzCore.framework/Versions/A/Frameworks/CoreImage.framework/Versions/A/CoreImage
0x000000000a936000 	/System/Library/Frameworks/QuartzCore.framework/Versions/A/Frameworks/ScalableUserInterface.framework/Versions/A/ScalableUserInterface
0x000000000a936000 	/System/Library/Frameworks/OpenGL.framework/Versions/A/Libraries/libGLU.dylib
0x000000000a936000 	/System/Library/Frameworks/OpenGL.framework/Versions/A/Libraries/libGFXShared.dylib
0x000000000a936000 	/System/Library/Frameworks/OpenGL.framework/Versions/A/Libraries/libGL.dylib
0x000000000a936000 	/System/Library/Frameworks/OpenGL.framework/Versions/A/Libraries/libGLImage.dylib
0x000000000a936000 	/System/Library/Frameworks/OpenGL.framework/Versions/A/Libraries/libCVMSPluginSupport.dylib
0x000000000a936000 	/System/Library/Frameworks/OpenGL.framework/Versions/A/Libraries/libCoreVMClient.dylib
0x000000000a936000 	/System/Library/PrivateFrameworks/FaceCore.framework/Versions/A/FaceCore
0x000000000a936000 	/System/Library/PrivateFrameworks/CrashReporterSupport.framework/Versions/A/CrashReporterSupport
0x000000000a936000 	/System/Library/Frameworks/OpenCL.framework/Versions/A/OpenCL
0x000000000a936000 	/System/Library/PrivateFrameworks/AppleFSCompression.framework/Versions/A/AppleFSCompression
0x000000000a936000 	/System/Library/PrivateFrameworks/Ubiquity.framework/Versions/A/Ubiquity
0x000000000a936000 	/System/Library/PrivateFrameworks/IconServices.framework/Versions/A/IconServices
0x000000000a936000 	/System/Library/PrivateFrameworks/ChunkingLibrary.framework/Versions/A/ChunkingLibrary
0x000000000a936000 	/System/Library/PrivateFrameworks/CoreSymbolication.framework/Versions/A/CoreSymbolication
0x000000000a936000 	/System/Library/PrivateFrameworks/Symbolication.framework/Versions/A/Symbolication
0x000000000a936000 	/System/Library/PrivateFrameworks/DebugSymbols.framework/Versions/A/DebugSymbols
0x0000000106040000 	/Library/Java/JavaVirtualMachines/jdk1.7.0_45.jdk/Contents/Home/jre/lib/server/libjvm.dylib
0x000000000a936000 	/usr/lib/libstdc++.6.dylib
0x0000000106b96000 	/Library/Java/JavaVirtualMachines/jdk1.7.0_45.jdk/Contents/Home/jre/lib/libverify.dylib
0x0000000106ba3000 	/Library/Java/JavaVirtualMachines/jdk1.7.0_45.jdk/Contents/Home/jre/lib/libjava.dylib
0x0000000106bf3000 	/Library/Java/JavaVirtualMachines/jdk1.7.0_45.jdk/Contents/Home/jre/lib/libzip.dylib
0x000000010dabc000 	/System/Library/Frameworks/JavaVM.framework/Frameworks/JavaRuntimeSupport.framework/JavaRuntimeSupport
0x000000010dad4000 	/System/Library/Frameworks/JavaVM.framework/Versions/A/Frameworks/JavaNativeFoundation.framework/Versions/A/JavaNativeFoundation
0x000000010dae8000 	/System/Library/Frameworks/JavaVM.framework/Versions/A/JavaVM
0x000000000a936000 	/System/Library/Frameworks/Carbon.framework/Versions/A/Carbon
0x000000010daf4000 	/System/Library/PrivateFrameworks/JavaLaunching.framework/Versions/A/JavaLaunching
0x000000000a936000 	/System/Library/Frameworks/Carbon.framework/Versions/A/Frameworks/CommonPanels.framework/Versions/A/CommonPanels
0x000000000a936000 	/System/Library/Frameworks/Carbon.framework/Versions/A/Frameworks/Help.framework/Versions/A/Help
0x000000000a936000 	/System/Library/Frameworks/Carbon.framework/Versions/A/Frameworks/ImageCapture.framework/Versions/A/ImageCapture
0x000000000a936000 	/System/Library/Frameworks/Carbon.framework/Versions/A/Frameworks/OpenScripting.framework/Versions/A/OpenScripting
0x000000000a936000 	/System/Library/Frameworks/Carbon.framework/Versions/A/Frameworks/Print.framework/Versions/A/Print
0x000000000a936000 	/System/Library/Frameworks/Carbon.framework/Versions/A/Frameworks/SecurityHI.framework/Versions/A/SecurityHI
0x000000010e25a000 	/Library/Java/JavaVirtualMachines/jdk1.7.0_45.jdk/Contents/Home/jre/lib/libawt.dylib
0x000000010e309000 	/Library/Java/JavaVirtualMachines/jdk1.7.0_45.jdk/Contents/Home/jre/lib/./libmlib_image.dylib
0x000000010e3d5000 	/Library/Java/JavaVirtualMachines/jdk1.7.0_45.jdk/Contents/Home/jre/lib/lwawt/liblwawt.dylib
0x000000010e489000 	/Library/Java/JavaVirtualMachines/jdk1.7.0_45.jdk/Contents/Home/jre/lib/libosxapp.dylib
0x000000000a936000 	/System/Library/Frameworks/ExceptionHandling.framework/Versions/A/ExceptionHandling
0x000000000a936000 	/System/Library/PrivateFrameworks/CoreServicesInternal.framework/Versions/A/CoreServicesInternal
0x000000000a936000 	/System/Library/PrivateFrameworks/Librarian.framework/Versions/A/Librarian
0x000000010fceb000 	/System/Library/Frameworks/CoreGraphics.framework/Versions/A/Resources/libCGCMS.A.dylib
0x000000010fcfc000 	/System/Library/Frameworks/CoreGraphics.framework/Versions/A/Resources/libRIP.A.dylib
0x000000010fd4b000 	/System/Library/Frameworks/CoreGraphics.framework/Versions/A/Resources/libCGXType.A.dylib
0x000000000a936000 	/System/Library/PrivateFrameworks/FamilyControls.framework/Versions/A/FamilyControls
0x000000000a936000 	/System/Library/PrivateFrameworks/CommerceKit.framework/Versions/A/Frameworks/CommerceCore.framework/Versions/A/CommerceCore
0x000000000a936000 	/System/Library/PrivateFrameworks/SystemAdministration.framework/Versions/A/SystemAdministration
0x000000000a936000 	/System/Library/Frameworks/DirectoryService.framework/Versions/A/DirectoryService
0x000000000a936000 	/System/Library/PrivateFrameworks/DiskImages.framework/Versions/A/DiskImages
0x000000000a936000 	/System/Library/PrivateFrameworks/LoginUIKit.framework/Versions/A/Frameworks/LoginUICore.framework/Versions/A/LoginUICore
0x000000000a936000 	/usr/lib/libCoreStorage.dylib
0x000000000a936000 	/usr/lib/libcsfde.dylib
0x000000000a936000 	/usr/lib/libodfde.dylib
0x000000000a936000 	/System/Library/Frameworks/DiscRecording.framework/Versions/A/DiscRecording
0x000000000a936000 	/usr/lib/libcurl.4.dylib
0x000000000a936000 	/System/Library/PrivateFrameworks/MediaKit.framework/Versions/A/MediaKit
0x000000000a936000 	/System/Library/PrivateFrameworks/EFILogin.framework/Versions/A/EFILogin
0x000000000a936000 	/usr/lib/libutil.dylib
0x000000000a936000 	/System/Library/PrivateFrameworks/AOSNotification.framework/Versions/A/AOSNotification
0x000000000a936000 	/System/Library/Frameworks/LDAP.framework/Versions/A/LDAP
0x000000000a936000 	/usr/lib/libsasl2.2.dylib
0x000000000a936000 	/usr/lib/libcrypto.0.9.8.dylib
0x000000000a936000 	/usr/lib/libssl.0.9.8.dylib
0x0000000112b50000 	/Library/Java/JavaVirtualMachines/jdk1.7.0_45.jdk/Contents/Home/jre/lib/libfontmanager.dylib
0x0000000112a4a000 	/private/var/folders/h2/xx1006392bz6gq98hdlm80kh0000gn/T/miner-launcher-4436544728507037281/liblwjgl.jnilib
0x000000010fdb2000 	/Library/Java/JavaVirtualMachines/jdk1.7.0_45.jdk/Contents/Home/jre/lib/libjawt.dylib
0x000000000a936000 	/System/Library/Frameworks/OpenGL.framework/Versions/A/Resources/GLEngine.bundle/GLEngine
0x000000000a936000 	/System/Library/Frameworks/OpenGL.framework/Versions/A/Libraries/libGLProgrammability.dylib
0x0000000000000000 	/System/Library/Extensions/GeForceTeslaGLDriver.bundle/Contents/MacOS/GeForceTeslaGLDriver
0x0000000112bb4000 	/System/Library/Extensions/GeForceTeslaGLDriver.bundle/Contents/MacOS/libclh.dylib
0x000000010fdb5000 	/System/Library/PrivateFrameworks/GPUSupport.framework/Versions/A/Libraries/libGPUSupport.dylib
0x000000000a936000 	/System/Library/Frameworks/OpenGL.framework/Versions/A/Resources/GLRendererFloat.bundle/GLRendererFloat
0x000000000a936000 	/System/Library/Frameworks/OpenCL.framework/Versions/A/Libraries/libcldcpuengine.dylib

VM Arguments:
jvm_args: -Dfile.encoding=UTF-8 
java_command: name.martingeisse.miner.Main
Launcher Type: SUN_STANDARD

Environment Variables:
PATH=/usr/bin:/bin:/usr/sbin:/sbin
SHELL=/bin/bash
DISPLAY=/tmp/launch-4sJqC3/org.macosforge.xquartz:0

Signal Handlers:
SIGSEGV: [libjvm.dylib+0x525415], sa_mask[0]=0xfffefeff, sa_flags=0x00000043
SIGBUS: [libjvm.dylib+0x525415], sa_mask[0]=0xfffefeff, sa_flags=0x00000042
SIGFPE: [libjvm.dylib+0x41891a], sa_mask[0]=0xfffefeff, sa_flags=0x00000042
SIGPIPE: [libjvm.dylib+0x41891a], sa_mask[0]=0xfffefeff, sa_flags=0x00000042
SIGXFSZ: [libjvm.dylib+0x41891a], sa_mask[0]=0xfffefeff, sa_flags=0x00000042
SIGILL: [libjvm.dylib+0x41891a], sa_mask[0]=0xfffefeff, sa_flags=0x00000042
SIGUSR1: SIG_DFL, sa_mask[0]=0x00000000, sa_flags=0x00000002
SIGUSR2: [libjvm.dylib+0x41840c], sa_mask[0]=0x00000004, sa_flags=0x00000042
SIGHUP: [libjvm.dylib+0x41669b], sa_mask[0]=0xfffefeff, sa_flags=0x00000042
SIGINT: [libjvm.dylib+0x41669b], sa_mask[0]=0xfffefeff, sa_flags=0x00000042
SIGTERM: [libjvm.dylib+0x41669b], sa_mask[0]=0xfffefeff, sa_flags=0x00000042
SIGQUIT: [libjvm.dylib+0x41669b], sa_mask[0]=0xfffefeff, sa_flags=0x00000042


---------------  S Y S T E M  ---------------

OS:Bsduname:Darwin 13.1.0 Darwin Kernel Version 13.1.0: Wed Apr  2 23:52:02 PDT 2014; root:xnu-2422.92.1~2/RELEASE_X86_64 x86_64
rlimit: STACK 8192k, CORE 0k, NPROC 709, NOFILE 10240, AS infinity
load average:1.16 1.45 1.64

CPU:total 2 (2 cores per cpu, 1 threads per core) family 6 model 23 stepping 10, cmov, cx8, fxsr, mmx, sse, sse2, sse3, ssse3, sse4.1, tsc

Memory: 4k page, physical 4194304k(1048576k free)

/proc/meminfo:


vm_info: Java HotSpot(TM) 64-Bit Server VM (24.45-b08) for bsd-amd64 JRE (1.7.0_45-b18), built on Oct  8 2013 05:54:16 by "java_re" with gcc 4.2.1 (Based on Apple Inc. build 5658) (LLVM build 2336.11.00)

time: Tue May 13 21:58:21 2014
elapsed time: 2 seconds

