This is pdfTeX, Version 3.1415926-2.5-1.40.14 (TeX Live 2013) (format=pdftex 2014.1.17)  16 FEB 2014 10:50
entering extended mode
 restricted \write18 enabled.
 %&-line parsing enabled.
**tex.tex
(./tex.tex (/usr/local/texlive/2013/texmf-dist/tex/plain/base/webmac.tex
\bak=\box16
\bakk=\box17
\ind=\count27
\pagewidth=\dimen16
\pageheight=\dimen17
\fullpageheight=\dimen18
\pageshift=\dimen19
\cont=\write0
\sbox=\box18
\lbox=\box19
) *1
[3{/usr/local/texlive/2013/texmf-var/fonts/map/pdftex/updmap/pdftex.map}
\openout0 = `CONTENTS.tex'.

]
[4] [5] [6] [7] [8] [9] *17 [10] [11] [12] *25 [13] [14] [15] [16] [17]
[18] *38 [19] [20] [21] [22] [23] *54 [24] [25] [26] [27] [28] [29] *72
[30] [31] [32] [33] [34] [35] [36] [37] *99 [38] [39] [40] [41] *110 [42]
[43] *115 [44] [45] [46] [47] [48] [49] *133 [50] [51] [52] [53] [54] [55]
[56] [57] *162 [58] [59] [60] [61] *173 [62] [63] [64] [65] [66] [67] [68]
*199 [69] [70] *203 [71] [72] *207 [73] [74] [75] [76] *211 [77] [78] [79]
[80] *220 [81] [82] [83] [84] [85] [86] [87] [88] [89] [90] [91] [92] [93]
[94] [95] [96] [97] [98] [99] [100] [101] *256 [102] [103] [104] [105] [106]
[107] [108] *268 [109] [110] [111] [112] [113] [114] *289 [115] [116] [117]
[118] *297 [119] [120] *300 [121] [122] [123] [124] [125] [126] [127] [128]
[129] [130] *321 [131] [132] [133] *332 [134] [135] [136] [137] [138] [139]
[140] [141] [142] [143] *366 [144]
Overfull \hbox (11.73575pt too wide) in paragraph at lines 9586--9590
\tenbf 369. \tenrm The im-ple-men-ta-tion of [] is a bit trick-ier, be-cause it
 is nec-es-sary to in-sert a spe-cial `[]'|

\hbox(6.94444+2.22223)x469.75499, glue set - 1.0
.\tenbf 3
.\tenbf 6
.\tenbf 9
.\tenbf .
.\glue 11.49994
.etc.

[145] [146] [147] [148] [149] [150] [151] [152] [153] [154] *402 [155] [156]
[157] [158] [159] [160] [161] [162] [163] [164] [165] [166] [167] [168]
[169] [170] [171] [172] [173] *464 [174] [175] [176] [177] [178] [179] [180]
*487 [181] [182] [183] [184] [185]
Overfull \hbox (14.133pt too wide) in paragraph at lines 12307--12310
\tenbf 506. \tenrm An ac-tive char-ac-ter will be treated as cat-e-gory 13 fol-
low-ing [] or fol-low-ing [].|

\hbox(6.94444+2.22223)x469.75499, glue set - 1.0
.\tenbf 5
.\tenbf 0
.\tenbf 6
.\tenbf .
.\glue 11.49994
.etc.

[186] [187] *511 [188] [189]
Overfull \hbox (1.2784pt too wide) in paragraph at lines 12606--12610
\tenbf 519. \tenrm An-other system-dependent rou-tine is needed to con-vert thr
ee in-ter-nal T[]X strings into the []|

\hbox(6.94444+2.15277)x469.75499, glue set - 1.0
.\tenbf 5
.\tenbf 1
.\tenbf 9
.\tenbf .
.\glue 11.49994
.etc.

[190] [191] [192] [193] [194] [195] *539 [196] [197] [198] [199] [200] [201]
[202] [203] [204] [205] [206] [207] [208] [209] [210] [211] [212] [213] *583
[214] [215] [216] [217] [218] [219] *592 [220] [221] [222] [223] [224] [225]
[226] [227] [228] [229] [230] [231] [232] [233] [234] [235] [236] [237]
[238] *644 [239] [240] [241] [242] [243] [244] [245] [246] [247] [248] *680
[249] [250] [251] [252] [253] [254] [255] [256] [257] *699 [258] [259] [260]
[261] [262] [263] [264] *719 [265] [266] [267] [268] [269]
Overfull \hbox (16.35042pt too wide) in paragraph at lines 18292--18297
\tenbf 734. \tenrm Most of the ac-tual con-struc-tion work of [] is done by pro
-ce-dures with names like [],|

\hbox(6.94444+1.94444)x469.75499, glue set - 1.0
.\tenbf 7
.\tenbf 3
.\tenbf 4
.\tenbf .
.\glue 11.49994
.etc.

[270] [271] [272] [273] [274] [275] [276] [277] [278] [279] [280] [281]
[282] [283] [284] *768 [285] [286] [287] [288] [289] [290] [291] [292] [293]
[294] [295] [296] [297] [298] [299] [300] [301] *813 [302] [303] [304] [305]
[306] [307] [308]
Overfull \hbox (12.40152pt too wide) in paragraph at lines 21043--21050
\tenbf 836. \tenrm It is not nec-es-sary to cre-ate new ac-tive nodes hav-ing [
] greater than $[] +|

\hbox(6.94444+1.94444)x469.75499, glue set - 1.0
.\tenbf 8
.\tenbf 3
.\tenbf 6
.\tenbf .
.\glue 11.49994
.etc.

[309] [310] [311] [312] [313] [314]
Overfull \hbox (2.45538pt too wide) in paragraph at lines 21441--21445
\tenbf 852. \tenrm When a line must stretch, the avail-able stretch-a-bil-ity c
an be found in the sub-ar-ray $[][2 []|

\hbox(7.5+2.5)x469.75499, glue set - 1.0
.\tenbf 8
.\tenbf 5
.\tenbf 2
.\tenbf .
.\glue 11.49994
.etc.

[315] [316] [317] [318] *862 [319] [320] [321] [322] [323]
Overfull \hbox (3.73691pt too wide) in paragraph at lines 22049--22054
\tenbf 876. \tenrm Once the best se-quence of break-points has been found (hur-
ray), we call on the pro-ce-dure []|

\hbox(7.5+2.5)x469.75499, glue set - 1.0
.\tenbf 8
.\tenbf 7
.\tenbf 6
.\tenbf .
.\glue 11.49994
.etc.

[324] [325] [326] [327] [328] [329] *891 [330] [331] [332] [333] *900 [334]
[335] [336] [337] [338] [339] [340] [341] [342] [343] *919 [344] [345] [346]
[347] [348] [349] *942 [350] [351] [352] [353] [354] [355] [356] [357] [358]
[359] *967 [360] [361] [362] [363] [364] [365] *980 [366] [367] [368] [369]
[370] [371] [372] [373] [374] [375] [376] [377] [378] [379] [380] [381]
[382] *1029 [383] [384]
Overfull \hbox (22.44058pt too wide) in paragraph at lines 25978--25984
\tenbf 1034. \tenrm We leave the [] un-changed if $[]([]) = 0$; oth-er-wise we 
set it equal to $[]([])$,|

\hbox(7.5+2.5)x469.75499, glue set - 1.0
.\tenbf 1
.\tenbf 0
.\tenbf 3
.\tenbf 4
.\tenbf .
.etc.

[385] [386] [387] [388] [389] [390] [391] [392] [393] [394] *1055 [395]
[396] [397] [398]
Overfull \hbox (26.493pt too wide) in paragraph at lines 26845--26856
\tenrm larger con-text, since con-struc-tions like `[][]' and `[][]' and `[]'|

\hbox(6.94444+2.22223)x469.75499, glue set - 1.0
.\tenrm l
.\tenrm a
.\tenrm r
.\tenrm g
.\tenrm e
.etc.

[399] [400] [401] [402] [403] [404] [405] [406] [407] [408] [409] [410]
[411] [412] [413]
Overfull \hbox (12.75122pt too wide) in paragraph at lines 27900--27903
[]\tenrm The two kerns are com-puted with (machine-dependent) [] arith-metic, b
ut their sum is machine-independent;|

\hbox(7.5+2.5)x469.75499, glue set - 1.0
.\hbox(0.0+0.0)x10.00002
.\tenrm T
.\tenrm h
.\tenrm e
.\glue 3.33333 plus 1.66666 minus 1.11111
.etc.

[414] [415] [416] *1136 [417] [418] [419] [420] [421] [422] [423] [424]
[425] [426] [427] [428] [429] [430] [431] [432] [433] [434] *1208 [435]
[436] [437] [438] [439] [440] [441] [442] [443] [444] [445] [446] [447]
[448] [449] [450] [451] [452] [453] [454] *1299 [455] [456] [457] [458]
[459] [460] [461] [462] [463] [464] *1330 [465] [466] [467] [468] [469] *1338
[470] [471] *1340 [472] [473] [474] [475] [476] [477] [478] [479] [480] *1379
[481] *1380 Index: [482] [483] [484] [485] [486] [487] [488] [489] [490]
[491] [492] [493] [494] [495] [496] [497] [498] [499] [500] [501] [502]
[503] [504] [505] [506] [507] [508] [509] [510] [511] [512] [513] [514]
[515] [516] [517] [518] [519] [520] Section names: [521] [522] [523] [524]
[525] [526] [527] [528] [529] [530] [531] [532] [533] [534] [535] [536]
Table of contents: (./CONTENTS.tex) [0] )</usr/local/texlive/2013/texmf-dist/fo
nts/type1/public/amsfonts/cm/cmbx10.pfb></usr/local/texlive/2013/texmf-dist/fon
ts/type1/public/amsfonts/cm/cmex10.pfb></usr/local/texlive/2013/texmf-dist/font
s/type1/public/amsfonts/cm/cmmi10.pfb></usr/local/texlive/2013/texmf-dist/fonts
/type1/public/amsfonts/cm/cmmi7.pfb></usr/local/texlive/2013/texmf-dist/fonts/t
ype1/public/amsfonts/cm/cmr10.pfb></usr/local/texlive/2013/texmf-dist/fonts/typ
e1/public/amsfonts/cm/cmr7.pfb></usr/local/texlive/2013/texmf-dist/fonts/type1/
public/amsfonts/cm/cmr8.pfb></usr/local/texlive/2013/texmf-dist/fonts/type1/pub
lic/amsfonts/cm/cmr9.pfb></usr/local/texlive/2013/texmf-dist/fonts/type1/public
/amsfonts/cm/cmsl10.pfb></usr/local/texlive/2013/texmf-dist/fonts/type1/public/
amsfonts/cm/cmsy10.pfb></usr/local/texlive/2013/texmf-dist/fonts/type1/public/a
msfonts/cm/cmsy7.pfb></usr/local/texlive/2013/texmf-dist/fonts/type1/public/ams
fonts/cm/cmtex10.pfb></usr/local/texlive/2013/texmf-dist/fonts/type1/public/ams
fonts/cm/cmti10.pfb></usr/local/texlive/2013/texmf-dist/fonts/type1/public/amsf
onts/cm/cmtt10.pfb></usr/local/texlive/2013/texmf-dist/fonts/type1/hoekwater/mf
logo/logo10.pfb>
Output written on tex.pdf (535 pages, 2254771 bytes).
PDF statistics:
 1790 PDF objects out of 2073 (max. 8388607)
 1225 compressed objects within 13 object streams
 0 named destinations out of 1000 (max. 500000)
 1 words of extra memory for PDF output out of 10000 (max. 10000000)

